\BOOKMARK [0][-]{chapter.1}{\376\377\0001\000\040\000M\000P\000X\000-\000F\000a\000l\000l\0002\0000\0002\0000\000-\000G\000r\000o\000u\000p\0009}{}% 1
\BOOKMARK [0][-]{chapter.2}{\376\377\0002\000\040\000C\000l\000a\000s\000s\000\040\000I\000n\000d\000e\000x}{}% 2
\BOOKMARK [1][-]{section.2.1}{\376\377\0002\000.\0001\000\040\000C\000l\000a\000s\000s\000\040\000L\000i\000s\000t}{chapter.2}% 3
\BOOKMARK [0][-]{chapter.3}{\376\377\0003\000\040\000F\000i\000l\000e\000\040\000I\000n\000d\000e\000x}{}% 4
\BOOKMARK [1][-]{section.3.1}{\376\377\0003\000.\0001\000\040\000F\000i\000l\000e\000\040\000L\000i\000s\000t}{chapter.3}% 5
\BOOKMARK [0][-]{chapter.4}{\376\377\0004\000\040\000C\000l\000a\000s\000s\000\040\000D\000o\000c\000u\000m\000e\000n\000t\000a\000t\000i\000o\000n}{}% 6
\BOOKMARK [1][-]{section.4.1}{\376\377\0004\000.\0001\000\040\000d\000a\000t\000e\000\137\000t\000i\000m\000e\000\040\000S\000t\000r\000u\000c\000t\000\040\000R\000e\000f\000e\000r\000e\000n\000c\000e}{chapter.4}% 7
\BOOKMARK [2][-]{subsection.4.1.1}{\376\377\0004\000.\0001\000.\0001\000\040\000D\000e\000t\000a\000i\000l\000e\000d\000\040\000D\000e\000s\000c\000r\000i\000p\000t\000i\000o\000n}{section.4.1}% 8
\BOOKMARK [2][-]{subsection.4.1.2}{\376\377\0004\000.\0001\000.\0002\000\040\000M\000e\000m\000b\000e\000r\000\040\000D\000a\000t\000a\000\040\000D\000o\000c\000u\000m\000e\000n\000t\000a\000t\000i\000o\000n}{section.4.1}% 9
\BOOKMARK [3][-]{subsubsection.4.1.2.1}{\376\377\0004\000.\0001\000.\0002\000.\0001\000\040\000d\000a\000y\000\137\000m}{subsection.4.1.2}% 10
\BOOKMARK [3][-]{subsubsection.4.1.2.2}{\376\377\0004\000.\0001\000.\0002\000.\0002\000\040\000d\000a\000y\000\137\000w}{subsection.4.1.2}% 11
\BOOKMARK [3][-]{subsubsection.4.1.2.3}{\376\377\0004\000.\0001\000.\0002\000.\0003\000\040\000d\000a\000y\000\137\000y}{subsection.4.1.2}% 12
\BOOKMARK [3][-]{subsubsection.4.1.2.4}{\376\377\0004\000.\0001\000.\0002\000.\0004\000\040\000h\000o\000u\000r}{subsection.4.1.2}% 13
\BOOKMARK [3][-]{subsubsection.4.1.2.5}{\376\377\0004\000.\0001\000.\0002\000.\0005\000\040\000m\000i\000n}{subsection.4.1.2}% 14
\BOOKMARK [3][-]{subsubsection.4.1.2.6}{\376\377\0004\000.\0001\000.\0002\000.\0006\000\040\000m\000o\000n}{subsection.4.1.2}% 15
\BOOKMARK [3][-]{subsubsection.4.1.2.7}{\376\377\0004\000.\0001\000.\0002\000.\0007\000\040\000s\000e\000c}{subsection.4.1.2}% 16
\BOOKMARK [3][-]{subsubsection.4.1.2.8}{\376\377\0004\000.\0001\000.\0002\000.\0008\000\040\000y\000e\000a\000r}{subsection.4.1.2}% 17
\BOOKMARK [1][-]{section.4.2}{\376\377\0004\000.\0002\000\040\000f\000o\000o\000t\000e\000r\000\040\000S\000t\000r\000u\000c\000t\000\040\000R\000e\000f\000e\000r\000e\000n\000c\000e}{chapter.4}% 18
\BOOKMARK [2][-]{subsection.4.2.1}{\376\377\0004\000.\0002\000.\0001\000\040\000D\000e\000t\000a\000i\000l\000e\000d\000\040\000D\000e\000s\000c\000r\000i\000p\000t\000i\000o\000n}{section.4.2}% 19
\BOOKMARK [2][-]{subsection.4.2.2}{\376\377\0004\000.\0002\000.\0002\000\040\000M\000e\000m\000b\000e\000r\000\040\000D\000a\000t\000a\000\040\000D\000o\000c\000u\000m\000e\000n\000t\000a\000t\000i\000o\000n}{section.4.2}% 20
\BOOKMARK [3][-]{subsubsection.4.2.2.1}{\376\377\0004\000.\0002\000.\0002\000.\0001\000\040\000h\000e\000a\000d}{subsection.4.2.2}% 21
\BOOKMARK [1][-]{section.4.3}{\376\377\0004\000.\0003\000\040\000g\000d\000t\000\137\000d\000e\000s\000c\000r\000i\000p\000t\000o\000r\000\137\000s\000t\000r\000u\000c\000t\000\040\000S\000t\000r\000u\000c\000t\000\040\000R\000e\000f\000e\000r\000e\000n\000c\000e}{chapter.4}% 22
\BOOKMARK [2][-]{subsection.4.3.1}{\376\377\0004\000.\0003\000.\0001\000\040\000D\000e\000t\000a\000i\000l\000e\000d\000\040\000D\000e\000s\000c\000r\000i\000p\000t\000i\000o\000n}{section.4.3}% 23
\BOOKMARK [2][-]{subsection.4.3.2}{\376\377\0004\000.\0003\000.\0002\000\040\000M\000e\000m\000b\000e\000r\000\040\000D\000a\000t\000a\000\040\000D\000o\000c\000u\000m\000e\000n\000t\000a\000t\000i\000o\000n}{section.4.3}% 24
\BOOKMARK [3][-]{subsubsection.4.3.2.1}{\376\377\0004\000.\0003\000.\0002\000.\0001\000\040\000b\000a\000s\000e}{subsection.4.3.2}% 25
\BOOKMARK [3][-]{subsubsection.4.3.2.2}{\376\377\0004\000.\0003\000.\0002\000.\0002\000\040\000l\000i\000m\000i\000t}{subsection.4.3.2}% 26
\BOOKMARK [1][-]{section.4.4}{\376\377\0004\000.\0004\000\040\000g\000d\000t\000\137\000e\000n\000t\000r\000y\000\137\000s\000t\000r\000u\000c\000t\000\040\000S\000t\000r\000u\000c\000t\000\040\000R\000e\000f\000e\000r\000e\000n\000c\000e}{chapter.4}% 27
\BOOKMARK [2][-]{subsection.4.4.1}{\376\377\0004\000.\0004\000.\0001\000\040\000D\000e\000t\000a\000i\000l\000e\000d\000\040\000D\000e\000s\000c\000r\000i\000p\000t\000i\000o\000n}{section.4.4}% 28
\BOOKMARK [2][-]{subsection.4.4.2}{\376\377\0004\000.\0004\000.\0002\000\040\000M\000e\000m\000b\000e\000r\000\040\000D\000a\000t\000a\000\040\000D\000o\000c\000u\000m\000e\000n\000t\000a\000t\000i\000o\000n}{section.4.4}% 29
\BOOKMARK [3][-]{subsubsection.4.4.2.1}{\376\377\0004\000.\0004\000.\0002\000.\0001\000\040\000a\000c\000c\000e\000s\000s}{subsection.4.4.2}% 30
\BOOKMARK [3][-]{subsubsection.4.4.2.2}{\376\377\0004\000.\0004\000.\0002\000.\0002\000\040\000b\000a\000s\000e\000\137\000h\000i\000g\000h}{subsection.4.4.2}% 31
\BOOKMARK [3][-]{subsubsection.4.4.2.3}{\376\377\0004\000.\0004\000.\0002\000.\0003\000\040\000b\000a\000s\000e\000\137\000l\000o\000w}{subsection.4.4.2}% 32
\BOOKMARK [3][-]{subsubsection.4.4.2.4}{\376\377\0004\000.\0004\000.\0002\000.\0004\000\040\000b\000a\000s\000e\000\137\000m\000i\000d}{subsection.4.4.2}% 33
\BOOKMARK [3][-]{subsubsection.4.4.2.5}{\376\377\0004\000.\0004\000.\0002\000.\0005\000\040\000f\000l\000a\000g\000s}{subsection.4.4.2}% 34
\BOOKMARK [3][-]{subsubsection.4.4.2.6}{\376\377\0004\000.\0004\000.\0002\000.\0006\000\040\000l\000i\000m\000i\000t\000\137\000l\000o\000w}{subsection.4.4.2}% 35
\BOOKMARK [1][-]{section.4.5}{\376\377\0004\000.\0005\000\040\000h\000e\000a\000d\000e\000r\000\040\000S\000t\000r\000u\000c\000t\000\040\000R\000e\000f\000e\000r\000e\000n\000c\000e}{chapter.4}% 36
\BOOKMARK [2][-]{subsection.4.5.1}{\376\377\0004\000.\0005\000.\0001\000\040\000D\000e\000t\000a\000i\000l\000e\000d\000\040\000D\000e\000s\000c\000r\000i\000p\000t\000i\000o\000n}{section.4.5}% 37
\BOOKMARK [2][-]{subsection.4.5.2}{\376\377\0004\000.\0005\000.\0002\000\040\000M\000e\000m\000b\000e\000r\000\040\000D\000a\000t\000a\000\040\000D\000o\000c\000u\000m\000e\000n\000t\000a\000t\000i\000o\000n}{section.4.5}% 38
\BOOKMARK [3][-]{subsubsection.4.5.2.1}{\376\377\0004\000.\0005\000.\0002\000.\0001\000\040\000i\000n\000d\000e\000x\000\137\000i\000d}{subsection.4.5.2}% 39
\BOOKMARK [3][-]{subsubsection.4.5.2.2}{\376\377\0004\000.\0005\000.\0002\000.\0002\000\040\000s\000i\000z\000e}{subsection.4.5.2}% 40
\BOOKMARK [1][-]{section.4.6}{\376\377\0004\000.\0006\000\040\000h\000e\000a\000p\000\040\000S\000t\000r\000u\000c\000t\000\040\000R\000e\000f\000e\000r\000e\000n\000c\000e}{chapter.4}% 41
\BOOKMARK [2][-]{subsection.4.6.1}{\376\377\0004\000.\0006\000.\0001\000\040\000D\000e\000t\000a\000i\000l\000e\000d\000\040\000D\000e\000s\000c\000r\000i\000p\000t\000i\000o\000n}{section.4.6}% 42
\BOOKMARK [2][-]{subsection.4.6.2}{\376\377\0004\000.\0006\000.\0002\000\040\000M\000e\000m\000b\000e\000r\000\040\000D\000a\000t\000a\000\040\000D\000o\000c\000u\000m\000e\000n\000t\000a\000t\000i\000o\000n}{section.4.6}% 43
\BOOKMARK [3][-]{subsubsection.4.6.2.1}{\376\377\0004\000.\0006\000.\0002\000.\0001\000\040\000b\000a\000s\000e}{subsection.4.6.2}% 44
\BOOKMARK [3][-]{subsubsection.4.6.2.2}{\376\377\0004\000.\0006\000.\0002\000.\0002\000\040\000i\000n\000d\000e\000x}{subsection.4.6.2}% 45
\BOOKMARK [3][-]{subsubsection.4.6.2.3}{\376\377\0004\000.\0006\000.\0002\000.\0003\000\040\000m\000a\000x\000\137\000s\000i\000z\000e}{subsection.4.6.2}% 46
\BOOKMARK [3][-]{subsubsection.4.6.2.4}{\376\377\0004\000.\0006\000.\0002\000.\0004\000\040\000m\000i\000n\000\137\000s\000i\000z\000e}{subsection.4.6.2}% 47
\BOOKMARK [1][-]{section.4.7}{\376\377\0004\000.\0007\000\040\000i\000d\000t\000\137\000e\000n\000t\000r\000y\000\137\000s\000t\000r\000u\000c\000t\000\040\000S\000t\000r\000u\000c\000t\000\040\000R\000e\000f\000e\000r\000e\000n\000c\000e}{chapter.4}% 48
\BOOKMARK [2][-]{subsection.4.7.1}{\376\377\0004\000.\0007\000.\0001\000\040\000D\000e\000t\000a\000i\000l\000e\000d\000\040\000D\000e\000s\000c\000r\000i\000p\000t\000i\000o\000n}{section.4.7}% 49
\BOOKMARK [2][-]{subsection.4.7.2}{\376\377\0004\000.\0007\000.\0002\000\040\000M\000e\000m\000b\000e\000r\000\040\000D\000a\000t\000a\000\040\000D\000o\000c\000u\000m\000e\000n\000t\000a\000t\000i\000o\000n}{section.4.7}% 50
\BOOKMARK [3][-]{subsubsection.4.7.2.1}{\376\377\0004\000.\0007\000.\0002\000.\0001\000\040\000b\000a\000s\000e\000\137\000h\000i\000g\000h}{subsection.4.7.2}% 51
\BOOKMARK [3][-]{subsubsection.4.7.2.2}{\376\377\0004\000.\0007\000.\0002\000.\0002\000\040\000b\000a\000s\000e\000\137\000l\000o\000w}{subsection.4.7.2}% 52
\BOOKMARK [3][-]{subsubsection.4.7.2.3}{\376\377\0004\000.\0007\000.\0002\000.\0003\000\040\000f\000l\000a\000g\000s}{subsection.4.7.2}% 53
\BOOKMARK [3][-]{subsubsection.4.7.2.4}{\376\377\0004\000.\0007\000.\0002\000.\0004\000\040\000s\000s\000e\000l\000e\000c\000t}{subsection.4.7.2}% 54
\BOOKMARK [3][-]{subsubsection.4.7.2.5}{\376\377\0004\000.\0007\000.\0002\000.\0005\000\040\000z\000e\000r\000o}{subsection.4.7.2}% 55
\BOOKMARK [1][-]{section.4.8}{\376\377\0004\000.\0008\000\040\000i\000d\000t\000\137\000s\000t\000r\000u\000c\000t\000\040\000S\000t\000r\000u\000c\000t\000\040\000R\000e\000f\000e\000r\000e\000n\000c\000e}{chapter.4}% 56
\BOOKMARK [2][-]{subsection.4.8.1}{\376\377\0004\000.\0008\000.\0001\000\040\000D\000e\000t\000a\000i\000l\000e\000d\000\040\000D\000e\000s\000c\000r\000i\000p\000t\000i\000o\000n}{section.4.8}% 57
\BOOKMARK [2][-]{subsection.4.8.2}{\376\377\0004\000.\0008\000.\0002\000\040\000M\000e\000m\000b\000e\000r\000\040\000D\000a\000t\000a\000\040\000D\000o\000c\000u\000m\000e\000n\000t\000a\000t\000i\000o\000n}{section.4.8}% 58
\BOOKMARK [3][-]{subsubsection.4.8.2.1}{\376\377\0004\000.\0008\000.\0002\000.\0001\000\040\000b\000a\000s\000e}{subsection.4.8.2}% 59
\BOOKMARK [3][-]{subsubsection.4.8.2.2}{\376\377\0004\000.\0008\000.\0002\000.\0002\000\040\000l\000i\000m\000i\000t}{subsection.4.8.2}% 60
\BOOKMARK [1][-]{section.4.9}{\376\377\0004\000.\0009\000\040\000i\000n\000d\000e\000x\000\137\000e\000n\000t\000r\000y\000\040\000S\000t\000r\000u\000c\000t\000\040\000R\000e\000f\000e\000r\000e\000n\000c\000e}{chapter.4}% 61
\BOOKMARK [2][-]{subsection.4.9.1}{\376\377\0004\000.\0009\000.\0001\000\040\000D\000e\000t\000a\000i\000l\000e\000d\000\040\000D\000e\000s\000c\000r\000i\000p\000t\000i\000o\000n}{section.4.9}% 62
\BOOKMARK [2][-]{subsection.4.9.2}{\376\377\0004\000.\0009\000.\0002\000\040\000M\000e\000m\000b\000e\000r\000\040\000D\000a\000t\000a\000\040\000D\000o\000c\000u\000m\000e\000n\000t\000a\000t\000i\000o\000n}{section.4.9}% 63
\BOOKMARK [3][-]{subsubsection.4.9.2.1}{\376\377\0004\000.\0009\000.\0002\000.\0001\000\040\000b\000l\000o\000c\000k}{subsection.4.9.2}% 64
\BOOKMARK [3][-]{subsubsection.4.9.2.2}{\376\377\0004\000.\0009\000.\0002\000.\0002\000\040\000e\000m\000p\000t\000y}{subsection.4.9.2}% 65
\BOOKMARK [3][-]{subsubsection.4.9.2.3}{\376\377\0004\000.\0009\000.\0002\000.\0003\000\040\000s\000i\000z\000e}{subsection.4.9.2}% 66
\BOOKMARK [1][-]{section.4.10}{\376\377\0004\000.\0001\0000\000\040\000i\000n\000d\000e\000x\000\137\000t\000a\000b\000l\000e\000\040\000S\000t\000r\000u\000c\000t\000\040\000R\000e\000f\000e\000r\000e\000n\000c\000e}{chapter.4}% 67
\BOOKMARK [2][-]{subsection.4.10.1}{\376\377\0004\000.\0001\0000\000.\0001\000\040\000D\000e\000t\000a\000i\000l\000e\000d\000\040\000D\000e\000s\000c\000r\000i\000p\000t\000i\000o\000n}{section.4.10}% 68
\BOOKMARK [2][-]{subsection.4.10.2}{\376\377\0004\000.\0001\0000\000.\0002\000\040\000M\000e\000m\000b\000e\000r\000\040\000D\000a\000t\000a\000\040\000D\000o\000c\000u\000m\000e\000n\000t\000a\000t\000i\000o\000n}{section.4.10}% 69
\BOOKMARK [3][-]{subsubsection.4.10.2.1}{\376\377\0004\000.\0001\0000\000.\0002\000.\0001\000\040\000i\000d}{subsection.4.10.2}% 70
\BOOKMARK [3][-]{subsubsection.4.10.2.2}{\376\377\0004\000.\0001\0000\000.\0002\000.\0002\000\040\000t\000a\000b\000l\000e}{subsection.4.10.2}% 71
\BOOKMARK [1][-]{section.4.11}{\376\377\0004\000.\0001\0001\000\040\000p\000a\000g\000e\000\137\000d\000i\000r\000\040\000S\000t\000r\000u\000c\000t\000\040\000R\000e\000f\000e\000r\000e\000n\000c\000e}{chapter.4}% 72
\BOOKMARK [2][-]{subsection.4.11.1}{\376\377\0004\000.\0001\0001\000.\0001\000\040\000D\000e\000t\000a\000i\000l\000e\000d\000\040\000D\000e\000s\000c\000r\000i\000p\000t\000i\000o\000n}{section.4.11}% 73
\BOOKMARK [2][-]{subsection.4.11.2}{\376\377\0004\000.\0001\0001\000.\0002\000\040\000M\000e\000m\000b\000e\000r\000\040\000D\000a\000t\000a\000\040\000D\000o\000c\000u\000m\000e\000n\000t\000a\000t\000i\000o\000n}{section.4.11}% 74
\BOOKMARK [3][-]{subsubsection.4.11.2.1}{\376\377\0004\000.\0001\0001\000.\0002\000.\0001\000\040\000t\000a\000b\000l\000e\000s}{subsection.4.11.2}% 75
\BOOKMARK [3][-]{subsubsection.4.11.2.2}{\376\377\0004\000.\0001\0001\000.\0002\000.\0002\000\040\000t\000a\000b\000l\000e\000s\000\137\000p\000h\000y\000s}{subsection.4.11.2}% 76
\BOOKMARK [1][-]{section.4.12}{\376\377\0004\000.\0001\0002\000\040\000p\000a\000g\000e\000\137\000e\000n\000t\000r\000y\000\040\000S\000t\000r\000u\000c\000t\000\040\000R\000e\000f\000e\000r\000e\000n\000c\000e}{chapter.4}% 77
\BOOKMARK [2][-]{subsection.4.12.1}{\376\377\0004\000.\0001\0002\000.\0001\000\040\000D\000e\000t\000a\000i\000l\000e\000d\000\040\000D\000e\000s\000c\000r\000i\000p\000t\000i\000o\000n}{section.4.12}% 78
\BOOKMARK [2][-]{subsection.4.12.2}{\376\377\0004\000.\0001\0002\000.\0002\000\040\000M\000e\000m\000b\000e\000r\000\040\000D\000a\000t\000a\000\040\000D\000o\000c\000u\000m\000e\000n\000t\000a\000t\000i\000o\000n}{section.4.12}% 79
\BOOKMARK [3][-]{subsubsection.4.12.2.1}{\376\377\0004\000.\0001\0002\000.\0002\000.\0001\000\040\000a\000c\000c\000e\000s\000s\000e\000d}{subsection.4.12.2}% 80
\BOOKMARK [3][-]{subsubsection.4.12.2.2}{\376\377\0004\000.\0001\0002\000.\0002\000.\0002\000\040\000d\000i\000r\000t\000y}{subsection.4.12.2}% 81
\BOOKMARK [3][-]{subsubsection.4.12.2.3}{\376\377\0004\000.\0001\0002\000.\0002\000.\0003\000\040\000f\000r\000a\000m\000e\000a\000d\000d\000r}{subsection.4.12.2}% 82
\BOOKMARK [3][-]{subsubsection.4.12.2.4}{\376\377\0004\000.\0001\0002\000.\0002\000.\0004\000\040\000p\000r\000e\000s\000e\000n\000t}{subsection.4.12.2}% 83
\BOOKMARK [3][-]{subsubsection.4.12.2.5}{\376\377\0004\000.\0001\0002\000.\0002\000.\0005\000\040\000r\000e\000s\000e\000r\000v\000e\000d}{subsection.4.12.2}% 84
\BOOKMARK [3][-]{subsubsection.4.12.2.6}{\376\377\0004\000.\0001\0002\000.\0002\000.\0006\000\040\000u\000s\000e\000r\000m\000o\000d\000e}{subsection.4.12.2}% 85
\BOOKMARK [3][-]{subsubsection.4.12.2.7}{\376\377\0004\000.\0001\0002\000.\0002\000.\0007\000\040\000w\000r\000i\000t\000e\000a\000b\000l\000e}{subsection.4.12.2}% 86
\BOOKMARK [1][-]{section.4.13}{\376\377\0004\000.\0001\0003\000\040\000p\000a\000g\000e\000\137\000t\000a\000b\000l\000e\000\040\000S\000t\000r\000u\000c\000t\000\040\000R\000e\000f\000e\000r\000e\000n\000c\000e}{chapter.4}% 87
\BOOKMARK [2][-]{subsection.4.13.1}{\376\377\0004\000.\0001\0003\000.\0001\000\040\000D\000e\000t\000a\000i\000l\000e\000d\000\040\000D\000e\000s\000c\000r\000i\000p\000t\000i\000o\000n}{section.4.13}% 88
\BOOKMARK [2][-]{subsection.4.13.2}{\376\377\0004\000.\0001\0003\000.\0002\000\040\000M\000e\000m\000b\000e\000r\000\040\000D\000a\000t\000a\000\040\000D\000o\000c\000u\000m\000e\000n\000t\000a\000t\000i\000o\000n}{section.4.13}% 89
\BOOKMARK [3][-]{subsubsection.4.13.2.1}{\376\377\0004\000.\0001\0003\000.\0002\000.\0001\000\040\000p\000a\000g\000e\000s}{subsection.4.13.2}% 90
\BOOKMARK [1][-]{section.4.14}{\376\377\0004\000.\0001\0004\000\040\000p\000a\000r\000a\000m\000\040\000S\000t\000r\000u\000c\000t\000\040\000R\000e\000f\000e\000r\000e\000n\000c\000e}{chapter.4}% 91
\BOOKMARK [2][-]{subsection.4.14.1}{\376\377\0004\000.\0001\0004\000.\0001\000\040\000D\000e\000t\000a\000i\000l\000e\000d\000\040\000D\000e\000s\000c\000r\000i\000p\000t\000i\000o\000n}{section.4.14}% 92
\BOOKMARK [2][-]{subsection.4.14.2}{\376\377\0004\000.\0001\0004\000.\0002\000\040\000M\000e\000m\000b\000e\000r\000\040\000D\000a\000t\000a\000\040\000D\000o\000c\000u\000m\000e\000n\000t\000a\000t\000i\000o\000n}{section.4.14}% 93
\BOOKMARK [3][-]{subsubsection.4.14.2.1}{\376\377\0004\000.\0001\0004\000.\0002\000.\0001\000\040\000b\000u\000f\000f\000e\000r\000\137\000p\000t\000r}{subsection.4.14.2}% 94
\BOOKMARK [3][-]{subsubsection.4.14.2.2}{\376\377\0004\000.\0001\0004\000.\0002\000.\0002\000\040\000c\000o\000u\000n\000t\000\137\000p\000t\000r}{subsection.4.14.2}% 95
\BOOKMARK [3][-]{subsubsection.4.14.2.3}{\376\377\0004\000.\0001\0004\000.\0002\000.\0003\000\040\000d\000e\000v\000i\000c\000e\000\137\000i\000d}{subsection.4.14.2}% 96
\BOOKMARK [3][-]{subsubsection.4.14.2.4}{\376\377\0004\000.\0001\0004\000.\0002\000.\0004\000\040\000o\000p\000\137\000c\000o\000d\000e}{subsection.4.14.2}% 97
\BOOKMARK [0][-]{chapter.5}{\376\377\0005\000\040\000F\000i\000l\000e\000\040\000D\000o\000c\000u\000m\000e\000n\000t\000a\000t\000i\000o\000n}{}% 98
\BOOKMARK [1][-]{section.5.1}{\376\377\0005\000.\0001\000\040\000i\000n\000c\000l\000u\000d\000e\000/\000c\000o\000r\000e\000/\000a\000s\000m\000.\000h\000\040\000F\000i\000l\000e\000\040\000R\000e\000f\000e\000r\000e\000n\000c\000e}{chapter.5}% 99
\BOOKMARK [1][-]{section.5.2}{\376\377\0005\000.\0002\000\040\000i\000n\000c\000l\000u\000d\000e\000/\000c\000o\000r\000e\000/\000i\000n\000t\000e\000r\000r\000u\000p\000t\000s\000.\000h\000\040\000F\000i\000l\000e\000\040\000R\000e\000f\000e\000r\000e\000n\000c\000e}{chapter.5}% 100
\BOOKMARK [2][-]{subsection.5.2.1}{\376\377\0005\000.\0002\000.\0001\000\040\000F\000u\000n\000c\000t\000i\000o\000n\000\040\000D\000o\000c\000u\000m\000e\000n\000t\000a\000t\000i\000o\000n}{section.5.2}% 101
\BOOKMARK [3][-]{subsubsection.5.2.1.1}{\376\377\0005\000.\0002\000.\0001\000.\0001\000\040\000i\000n\000i\000t\000\137\000i\000r\000q\000\050\000\051}{subsection.5.2.1}% 102
\BOOKMARK [3][-]{subsubsection.5.2.1.2}{\376\377\0005\000.\0002\000.\0001\000.\0002\000\040\000i\000n\000i\000t\000\137\000p\000i\000c\000\050\000\051}{subsection.5.2.1}% 103
\BOOKMARK [1][-]{section.5.3}{\376\377\0005\000.\0003\000\040\000i\000n\000c\000l\000u\000d\000e\000/\000c\000o\000r\000e\000/\000i\000o\000.\000h\000\040\000F\000i\000l\000e\000\040\000R\000e\000f\000e\000r\000e\000n\000c\000e}{chapter.5}% 104
\BOOKMARK [2][-]{subsection.5.3.1}{\376\377\0005\000.\0003\000.\0001\000\040\000M\000a\000c\000r\000o\000\040\000D\000e\000f\000i\000n\000i\000t\000i\000o\000n\000\040\000D\000o\000c\000u\000m\000e\000n\000t\000a\000t\000i\000o\000n}{section.5.3}% 105
\BOOKMARK [3][-]{subsubsection.5.3.1.1}{\376\377\0005\000.\0003\000.\0001\000.\0001\000\040\000i\000n\000b}{subsection.5.3.1}% 106
\BOOKMARK [3][-]{subsubsection.5.3.1.2}{\376\377\0005\000.\0003\000.\0001\000.\0002\000\040\000o\000u\000t\000b}{subsection.5.3.1}% 107
\BOOKMARK [1][-]{section.5.4}{\376\377\0005\000.\0004\000\040\000i\000n\000c\000l\000u\000d\000e\000/\000c\000o\000r\000e\000/\000s\000e\000r\000i\000a\000l\000.\000h\000\040\000F\000i\000l\000e\000\040\000R\000e\000f\000e\000r\000e\000n\000c\000e}{chapter.5}% 108
\BOOKMARK [2][-]{subsection.5.4.1}{\376\377\0005\000.\0004\000.\0001\000\040\000M\000a\000c\000r\000o\000\040\000D\000e\000f\000i\000n\000i\000t\000i\000o\000n\000\040\000D\000o\000c\000u\000m\000e\000n\000t\000a\000t\000i\000o\000n}{section.5.4}% 109
\BOOKMARK [3][-]{subsubsection.5.4.1.1}{\376\377\0005\000.\0004\000.\0001\000.\0001\000\040\000C\000O\000M\0001}{subsection.5.4.1}% 110
\BOOKMARK [3][-]{subsubsection.5.4.1.2}{\376\377\0005\000.\0004\000.\0001\000.\0002\000\040\000C\000O\000M\0002}{subsection.5.4.1}% 111
\BOOKMARK [3][-]{subsubsection.5.4.1.3}{\376\377\0005\000.\0004\000.\0001\000.\0003\000\040\000C\000O\000M\0003}{subsection.5.4.1}% 112
\BOOKMARK [3][-]{subsubsection.5.4.1.4}{\376\377\0005\000.\0004\000.\0001\000.\0004\000\040\000C\000O\000M\0004}{subsection.5.4.1}% 113
\BOOKMARK [2][-]{subsection.5.4.2}{\376\377\0005\000.\0004\000.\0002\000\040\000F\000u\000n\000c\000t\000i\000o\000n\000\040\000D\000o\000c\000u\000m\000e\000n\000t\000a\000t\000i\000o\000n}{section.5.4}% 114
\BOOKMARK [3][-]{subsubsection.5.4.2.1}{\376\377\0005\000.\0004\000.\0002\000.\0001\000\040\000i\000n\000i\000t\000\137\000s\000e\000r\000i\000a\000l\000\050\000\051}{subsection.5.4.2}% 115
\BOOKMARK [3][-]{subsubsection.5.4.2.2}{\376\377\0005\000.\0004\000.\0002\000.\0002\000\040\000p\000o\000l\000l\000i\000n\000g\000\050\000\051}{subsection.5.4.2}% 116
\BOOKMARK [3][-]{subsubsection.5.4.2.3}{\376\377\0005\000.\0004\000.\0002\000.\0003\000\040\000s\000e\000r\000i\000a\000l\000\137\000p\000r\000i\000n\000t\000\050\000\051}{subsection.5.4.2}% 117
\BOOKMARK [3][-]{subsubsection.5.4.2.4}{\376\377\0005\000.\0004\000.\0002\000.\0004\000\040\000s\000e\000r\000i\000a\000l\000\137\000p\000r\000i\000n\000t\000l\000n\000\050\000\051}{subsection.5.4.2}% 118
\BOOKMARK [3][-]{subsubsection.5.4.2.5}{\376\377\0005\000.\0004\000.\0002\000.\0005\000\040\000s\000e\000t\000\137\000s\000e\000r\000i\000a\000l\000\137\000i\000n\000\050\000\051}{subsection.5.4.2}% 119
\BOOKMARK [3][-]{subsubsection.5.4.2.6}{\376\377\0005\000.\0004\000.\0002\000.\0006\000\040\000s\000e\000t\000\137\000s\000e\000r\000i\000a\000l\000\137\000o\000u\000t\000\050\000\051}{subsection.5.4.2}% 120
\BOOKMARK [1][-]{section.5.5}{\376\377\0005\000.\0005\000\040\000i\000n\000c\000l\000u\000d\000e\000/\000c\000o\000r\000e\000/\000t\000a\000b\000l\000e\000s\000.\000h\000\040\000F\000i\000l\000e\000\040\000R\000e\000f\000e\000r\000e\000n\000c\000e}{chapter.5}% 121
\BOOKMARK [2][-]{subsection.5.5.1}{\376\377\0005\000.\0005\000.\0001\000\040\000F\000u\000n\000c\000t\000i\000o\000n\000\040\000D\000o\000c\000u\000m\000e\000n\000t\000a\000t\000i\000o\000n}{section.5.5}% 122
\BOOKMARK [3][-]{subsubsection.5.5.1.1}{\376\377\0005\000.\0005\000.\0001\000.\0001\000\040\000\137\000\137\000a\000t\000t\000r\000i\000b\000u\000t\000e\000\137\000\137\000\050\000\051}{subsection.5.5.1}% 123
\BOOKMARK [3][-]{subsubsection.5.5.1.2}{\376\377\0005\000.\0005\000.\0001\000.\0002\000\040\000g\000d\000t\000\137\000i\000n\000i\000t\000\137\000e\000n\000t\000r\000y\000\050\000\051}{subsection.5.5.1}% 124
\BOOKMARK [3][-]{subsubsection.5.5.1.3}{\376\377\0005\000.\0005\000.\0001\000.\0003\000\040\000i\000d\000t\000\137\000s\000e\000t\000\137\000g\000a\000t\000e\000\050\000\051}{subsection.5.5.1}% 125
\BOOKMARK [3][-]{subsubsection.5.5.1.4}{\376\377\0005\000.\0005\000.\0001\000.\0004\000\040\000i\000n\000i\000t\000\137\000g\000d\000t\000\050\000\051}{subsection.5.5.1}% 126
\BOOKMARK [3][-]{subsubsection.5.5.1.5}{\376\377\0005\000.\0005\000.\0001\000.\0005\000\040\000i\000n\000i\000t\000\137\000i\000d\000t\000\050\000\051}{subsection.5.5.1}% 127
\BOOKMARK [2][-]{subsection.5.5.2}{\376\377\0005\000.\0005\000.\0002\000\040\000V\000a\000r\000i\000a\000b\000l\000e\000\040\000D\000o\000c\000u\000m\000e\000n\000t\000a\000t\000i\000o\000n}{section.5.5}% 128
\BOOKMARK [3][-]{subsubsection.5.5.2.1}{\376\377\0005\000.\0005\000.\0002\000.\0001\000\040\000a\000c\000c\000e\000s\000s}{subsection.5.5.2}% 129
\BOOKMARK [3][-]{subsubsection.5.5.2.2}{\376\377\0005\000.\0005\000.\0002\000.\0002\000\040\000b\000a\000s\000e}{subsection.5.5.2}% 130
\BOOKMARK [3][-]{subsubsection.5.5.2.3}{\376\377\0005\000.\0005\000.\0002\000.\0003\000\040\000b\000a\000s\000e\000\137\000h\000i\000g\000h}{subsection.5.5.2}% 131
\BOOKMARK [3][-]{subsubsection.5.5.2.4}{\376\377\0005\000.\0005\000.\0002\000.\0004\000\040\000b\000a\000s\000e\000\137\000l\000o\000w}{subsection.5.5.2}% 132
\BOOKMARK [3][-]{subsubsection.5.5.2.5}{\376\377\0005\000.\0005\000.\0002\000.\0005\000\040\000b\000a\000s\000e\000\137\000m\000i\000d}{subsection.5.5.2}% 133
\BOOKMARK [3][-]{subsubsection.5.5.2.6}{\376\377\0005\000.\0005\000.\0002\000.\0006\000\040\000f\000l\000a\000g\000s}{subsection.5.5.2}% 134
\BOOKMARK [3][-]{subsubsection.5.5.2.7}{\376\377\0005\000.\0005\000.\0002\000.\0007\000\040\000l\000i\000m\000i\000t}{subsection.5.5.2}% 135
\BOOKMARK [3][-]{subsubsection.5.5.2.8}{\376\377\0005\000.\0005\000.\0002\000.\0008\000\040\000l\000i\000m\000i\000t\000\137\000l\000o\000w}{subsection.5.5.2}% 136
\BOOKMARK [3][-]{subsubsection.5.5.2.9}{\376\377\0005\000.\0005\000.\0002\000.\0009\000\040\000s\000s\000e\000l\000e\000c\000t}{subsection.5.5.2}% 137
\BOOKMARK [3][-]{subsubsection.5.5.2.10}{\376\377\0005\000.\0005\000.\0002\000.\0001\0000\000\040\000z\000e\000r\000o}{subsection.5.5.2}% 138
\BOOKMARK [1][-]{section.5.6}{\376\377\0005\000.\0006\000\040\000i\000n\000c\000l\000u\000d\000e\000/\000m\000e\000m\000/\000h\000e\000a\000p\000.\000h\000\040\000F\000i\000l\000e\000\040\000R\000e\000f\000e\000r\000e\000n\000c\000e}{chapter.5}% 139
\BOOKMARK [2][-]{subsection.5.6.1}{\376\377\0005\000.\0006\000.\0001\000\040\000M\000a\000c\000r\000o\000\040\000D\000e\000f\000i\000n\000i\000t\000i\000o\000n\000\040\000D\000o\000c\000u\000m\000e\000n\000t\000a\000t\000i\000o\000n}{section.5.6}% 140
\BOOKMARK [3][-]{subsubsection.5.6.1.1}{\376\377\0005\000.\0006\000.\0001\000.\0001\000\040\000K\000H\000E\000A\000P\000\137\000B\000A\000S\000E}{subsection.5.6.1}% 141
\BOOKMARK [3][-]{subsubsection.5.6.1.2}{\376\377\0005\000.\0006\000.\0001\000.\0002\000\040\000K\000H\000E\000A\000P\000\137\000M\000I\000N}{subsection.5.6.1}% 142
\BOOKMARK [3][-]{subsubsection.5.6.1.3}{\376\377\0005\000.\0006\000.\0001\000.\0003\000\040\000K\000H\000E\000A\000P\000\137\000S\000I\000Z\000E}{subsection.5.6.1}% 143
\BOOKMARK [3][-]{subsubsection.5.6.1.4}{\376\377\0005\000.\0006\000.\0001\000.\0004\000\040\000T\000A\000B\000L\000E\000\137\000S\000I\000Z\000E}{subsection.5.6.1}% 144
\BOOKMARK [2][-]{subsection.5.6.2}{\376\377\0005\000.\0006\000.\0002\000\040\000F\000u\000n\000c\000t\000i\000o\000n\000\040\000D\000o\000c\000u\000m\000e\000n\000t\000a\000t\000i\000o\000n}{section.5.6}% 145
\BOOKMARK [3][-]{subsubsection.5.6.2.1}{\376\377\0005\000.\0006\000.\0002\000.\0001\000\040\000\137\000k\000m\000a\000l\000l\000o\000c\000\050\000\051}{subsection.5.6.2}% 146
\BOOKMARK [3][-]{subsubsection.5.6.2.2}{\376\377\0005\000.\0006\000.\0002\000.\0002\000\040\000a\000l\000l\000o\000c\000\050\000\051}{subsection.5.6.2}% 147
\BOOKMARK [3][-]{subsubsection.5.6.2.3}{\376\377\0005\000.\0006\000.\0002\000.\0003\000\040\000i\000n\000i\000t\000\137\000k\000h\000e\000a\000p\000\050\000\051}{subsection.5.6.2}% 148
\BOOKMARK [3][-]{subsubsection.5.6.2.4}{\376\377\0005\000.\0006\000.\0002\000.\0004\000\040\000k\000f\000r\000e\000e\000\050\000\051}{subsection.5.6.2}% 149
\BOOKMARK [3][-]{subsubsection.5.6.2.5}{\376\377\0005\000.\0006\000.\0002\000.\0005\000\040\000k\000m\000a\000l\000l\000o\000c\000\050\000\051}{subsection.5.6.2}% 150
\BOOKMARK [3][-]{subsubsection.5.6.2.6}{\376\377\0005\000.\0006\000.\0002\000.\0006\000\040\000m\000a\000k\000e\000\137\000h\000e\000a\000p\000\050\000\051}{subsection.5.6.2}% 151
\BOOKMARK [1][-]{section.5.7}{\376\377\0005\000.\0007\000\040\000i\000n\000c\000l\000u\000d\000e\000/\000m\000e\000m\000/\000p\000a\000g\000i\000n\000g\000.\000h\000\040\000F\000i\000l\000e\000\040\000R\000e\000f\000e\000r\000e\000n\000c\000e}{chapter.5}% 152
\BOOKMARK [2][-]{subsection.5.7.1}{\376\377\0005\000.\0007\000.\0001\000\040\000M\000a\000c\000r\000o\000\040\000D\000e\000f\000i\000n\000i\000t\000i\000o\000n\000\040\000D\000o\000c\000u\000m\000e\000n\000t\000a\000t\000i\000o\000n}{section.5.7}% 153
\BOOKMARK [3][-]{subsubsection.5.7.1.1}{\376\377\0005\000.\0007\000.\0001\000.\0001\000\040\000P\000A\000G\000E\000\137\000S\000I\000Z\000E}{subsection.5.7.1}% 154
\BOOKMARK [2][-]{subsection.5.7.2}{\376\377\0005\000.\0007\000.\0002\000\040\000F\000u\000n\000c\000t\000i\000o\000n\000\040\000D\000o\000c\000u\000m\000e\000n\000t\000a\000t\000i\000o\000n}{section.5.7}% 155
\BOOKMARK [3][-]{subsubsection.5.7.2.1}{\376\377\0005\000.\0007\000.\0002\000.\0001\000\040\000c\000l\000e\000a\000r\000\137\000b\000i\000t\000\050\000\051}{subsection.5.7.2}% 156
\BOOKMARK [3][-]{subsubsection.5.7.2.2}{\376\377\0005\000.\0007\000.\0002\000.\0002\000\040\000f\000i\000r\000s\000t\000\137\000f\000r\000e\000e\000\050\000\051}{subsection.5.7.2}% 157
\BOOKMARK [3][-]{subsubsection.5.7.2.3}{\376\377\0005\000.\0007\000.\0002\000.\0003\000\040\000g\000e\000t\000\137\000b\000i\000t\000\050\000\051}{subsection.5.7.2}% 158
\BOOKMARK [3][-]{subsubsection.5.7.2.4}{\376\377\0005\000.\0007\000.\0002\000.\0004\000\040\000g\000e\000t\000\137\000p\000a\000g\000e\000\050\000\051}{subsection.5.7.2}% 159
\BOOKMARK [3][-]{subsubsection.5.7.2.5}{\376\377\0005\000.\0007\000.\0002\000.\0005\000\040\000i\000n\000i\000t\000\137\000p\000a\000g\000i\000n\000g\000\050\000\051}{subsection.5.7.2}% 160
\BOOKMARK [3][-]{subsubsection.5.7.2.6}{\376\377\0005\000.\0007\000.\0002\000.\0006\000\040\000l\000o\000a\000d\000\137\000p\000a\000g\000e\000\137\000d\000i\000r\000\050\000\051}{subsection.5.7.2}% 161
\BOOKMARK [3][-]{subsubsection.5.7.2.7}{\376\377\0005\000.\0007\000.\0002\000.\0007\000\040\000n\000e\000w\000\137\000f\000r\000a\000m\000e\000\050\000\051}{subsection.5.7.2}% 162
\BOOKMARK [3][-]{subsubsection.5.7.2.8}{\376\377\0005\000.\0007\000.\0002\000.\0008\000\040\000s\000e\000t\000\137\000b\000i\000t\000\050\000\051}{subsection.5.7.2}% 163
\BOOKMARK [1][-]{section.5.8}{\376\377\0005\000.\0008\000\040\000i\000n\000c\000l\000u\000d\000e\000/\000s\000t\000r\000i\000n\000g\000.\000h\000\040\000F\000i\000l\000e\000\040\000R\000e\000f\000e\000r\000e\000n\000c\000e}{chapter.5}% 164
\BOOKMARK [2][-]{subsection.5.8.1}{\376\377\0005\000.\0008\000.\0001\000\040\000F\000u\000n\000c\000t\000i\000o\000n\000\040\000D\000o\000c\000u\000m\000e\000n\000t\000a\000t\000i\000o\000n}{section.5.8}% 165
\BOOKMARK [3][-]{subsubsection.5.8.1.1}{\376\377\0005\000.\0008\000.\0001\000.\0001\000\040\000a\000t\000o\000i\000\050\000\051}{subsection.5.8.1}% 166
\BOOKMARK [3][-]{subsubsection.5.8.1.2}{\376\377\0005\000.\0008\000.\0001\000.\0002\000\040\000i\000s\000s\000p\000a\000c\000e\000\050\000\051}{subsection.5.8.1}% 167
\BOOKMARK [3][-]{subsubsection.5.8.1.3}{\376\377\0005\000.\0008\000.\0001\000.\0003\000\040\000m\000e\000m\000s\000e\000t\000\050\000\051}{subsection.5.8.1}% 168
\BOOKMARK [3][-]{subsubsection.5.8.1.4}{\376\377\0005\000.\0008\000.\0001\000.\0004\000\040\000s\000t\000r\000c\000a\000t\000\050\000\051}{subsection.5.8.1}% 169
\BOOKMARK [3][-]{subsubsection.5.8.1.5}{\376\377\0005\000.\0008\000.\0001\000.\0005\000\040\000s\000t\000r\000c\000m\000p\000\050\000\051}{subsection.5.8.1}% 170
\BOOKMARK [3][-]{subsubsection.5.8.1.6}{\376\377\0005\000.\0008\000.\0001\000.\0006\000\040\000s\000t\000r\000c\000p\000y\000\050\000\051}{subsection.5.8.1}% 171
\BOOKMARK [3][-]{subsubsection.5.8.1.7}{\376\377\0005\000.\0008\000.\0001\000.\0007\000\040\000s\000t\000r\000l\000e\000n\000\050\000\051}{subsection.5.8.1}% 172
\BOOKMARK [3][-]{subsubsection.5.8.1.8}{\376\377\0005\000.\0008\000.\0001\000.\0008\000\040\000s\000t\000r\000t\000o\000k\000\050\000\051}{subsection.5.8.1}% 173
\BOOKMARK [1][-]{section.5.9}{\376\377\0005\000.\0009\000\040\000i\000n\000c\000l\000u\000d\000e\000/\000s\000y\000s\000t\000e\000m\000.\000h\000\040\000F\000i\000l\000e\000\040\000R\000e\000f\000e\000r\000e\000n\000c\000e}{chapter.5}% 174
\BOOKMARK [2][-]{subsection.5.9.1}{\376\377\0005\000.\0009\000.\0001\000\040\000M\000a\000c\000r\000o\000\040\000D\000e\000f\000i\000n\000i\000t\000i\000o\000n\000\040\000D\000o\000c\000u\000m\000e\000n\000t\000a\000t\000i\000o\000n}{section.5.9}% 175
\BOOKMARK [3][-]{subsubsection.5.9.1.1}{\376\377\0005\000.\0009\000.\0001\000.\0001\000\040\000a\000s\000m}{subsection.5.9.1}% 176
\BOOKMARK [3][-]{subsubsection.5.9.1.2}{\376\377\0005\000.\0009\000.\0001\000.\0002\000\040\000c\000l\000i}{subsection.5.9.1}% 177
\BOOKMARK [3][-]{subsubsection.5.9.1.3}{\376\377\0005\000.\0009\000.\0001\000.\0003\000\040\000G\000D\000T\000\137\000C\000S\000\137\000I\000D}{subsection.5.9.1}% 178
\BOOKMARK [3][-]{subsubsection.5.9.1.4}{\376\377\0005\000.\0009\000.\0001\000.\0004\000\040\000G\000D\000T\000\137\000D\000S\000\137\000I\000D}{subsection.5.9.1}% 179
\BOOKMARK [3][-]{subsubsection.5.9.1.5}{\376\377\0005\000.\0009\000.\0001\000.\0005\000\040\000h\000l\000t}{subsection.5.9.1}% 180
\BOOKMARK [3][-]{subsubsection.5.9.1.6}{\376\377\0005\000.\0009\000.\0001\000.\0006\000\040\000i\000r\000e\000t}{subsection.5.9.1}% 181
\BOOKMARK [3][-]{subsubsection.5.9.1.7}{\376\377\0005\000.\0009\000.\0001\000.\0007\000\040\000n\000o\000\137\000w\000a\000r\000n}{subsection.5.9.1}% 182
\BOOKMARK [3][-]{subsubsection.5.9.1.8}{\376\377\0005\000.\0009\000.\0001\000.\0008\000\040\000n\000o\000p}{subsection.5.9.1}% 183
\BOOKMARK [3][-]{subsubsection.5.9.1.9}{\376\377\0005\000.\0009\000.\0001\000.\0009\000\040\000N\000U\000L\000L}{subsection.5.9.1}% 184
\BOOKMARK [3][-]{subsubsection.5.9.1.10}{\376\377\0005\000.\0009\000.\0001\000.\0001\0000\000\040\000s\000t\000i}{subsection.5.9.1}% 185
\BOOKMARK [3][-]{subsubsection.5.9.1.11}{\376\377\0005\000.\0009\000.\0001\000.\0001\0001\000\040\000v\000o\000l\000a\000t\000i\000l\000e}{subsection.5.9.1}% 186
\BOOKMARK [2][-]{subsection.5.9.2}{\376\377\0005\000.\0009\000.\0002\000\040\000T\000y\000p\000e\000d\000e\000f\000\040\000D\000o\000c\000u\000m\000e\000n\000t\000a\000t\000i\000o\000n}{section.5.9}% 187
\BOOKMARK [3][-]{subsubsection.5.9.2.1}{\376\377\0005\000.\0009\000.\0002\000.\0001\000\040\000s\000i\000z\000e\000\137\000t}{subsection.5.9.2}% 188
\BOOKMARK [3][-]{subsubsection.5.9.2.2}{\376\377\0005\000.\0009\000.\0002\000.\0002\000\040\000u\0001\0006\000i\000n\000t}{subsection.5.9.2}% 189
\BOOKMARK [3][-]{subsubsection.5.9.2.3}{\376\377\0005\000.\0009\000.\0002\000.\0003\000\040\000u\0003\0002\000i\000n\000t}{subsection.5.9.2}% 190
\BOOKMARK [3][-]{subsubsection.5.9.2.4}{\376\377\0005\000.\0009\000.\0002\000.\0004\000\040\000u\0008\000i\000n\000t}{subsection.5.9.2}% 191
\BOOKMARK [2][-]{subsection.5.9.3}{\376\377\0005\000.\0009\000.\0003\000\040\000F\000u\000n\000c\000t\000i\000o\000n\000\040\000D\000o\000c\000u\000m\000e\000n\000t\000a\000t\000i\000o\000n}{section.5.9}% 192
\BOOKMARK [3][-]{subsubsection.5.9.3.1}{\376\377\0005\000.\0009\000.\0003\000.\0001\000\040\000k\000l\000o\000g\000v\000\050\000\051}{subsection.5.9.3}% 193
\BOOKMARK [3][-]{subsubsection.5.9.3.2}{\376\377\0005\000.\0009\000.\0003\000.\0002\000\040\000k\000p\000a\000n\000i\000c\000\050\000\051}{subsection.5.9.3}% 194
\BOOKMARK [1][-]{section.5.10}{\376\377\0005\000.\0001\0000\000\040\000k\000e\000r\000n\000e\000l\000/\000c\000o\000r\000e\000/\000i\000n\000t\000e\000r\000r\000u\000p\000t\000s\000.\000c\000\040\000F\000i\000l\000e\000\040\000R\000e\000f\000e\000r\000e\000n\000c\000e}{chapter.5}% 195
\BOOKMARK [2][-]{subsection.5.10.1}{\376\377\0005\000.\0001\0000\000.\0001\000\040\000M\000a\000c\000r\000o\000\040\000D\000e\000f\000i\000n\000i\000t\000i\000o\000n\000\040\000D\000o\000c\000u\000m\000e\000n\000t\000a\000t\000i\000o\000n}{section.5.10}% 196
\BOOKMARK [3][-]{subsubsection.5.10.1.1}{\376\377\0005\000.\0001\0000\000.\0001\000.\0001\000\040\000I\000C\000W\0001}{subsection.5.10.1}% 197
\BOOKMARK [3][-]{subsubsection.5.10.1.2}{\376\377\0005\000.\0001\0000\000.\0001\000.\0002\000\040\000I\000C\000W\0004}{subsection.5.10.1}% 198
\BOOKMARK [3][-]{subsubsection.5.10.1.3}{\376\377\0005\000.\0001\0000\000.\0001\000.\0003\000\040\000i\000o\000\137\000w\000a\000i\000t}{subsection.5.10.1}% 199
\BOOKMARK [3][-]{subsubsection.5.10.1.4}{\376\377\0005\000.\0001\0000\000.\0001\000.\0004\000\040\000P\000I\000C\0001}{subsection.5.10.1}% 200
\BOOKMARK [3][-]{subsubsection.5.10.1.5}{\376\377\0005\000.\0001\0000\000.\0001\000.\0005\000\040\000P\000I\000C\0002}{subsection.5.10.1}% 201
\BOOKMARK [2][-]{subsection.5.10.2}{\376\377\0005\000.\0001\0000\000.\0002\000\040\000F\000u\000n\000c\000t\000i\000o\000n\000\040\000D\000o\000c\000u\000m\000e\000n\000t\000a\000t\000i\000o\000n}{section.5.10}% 202
\BOOKMARK [3][-]{subsubsection.5.10.2.1}{\376\377\0005\000.\0001\0000\000.\0002\000.\0001\000\040\000b\000o\000u\000n\000d\000s\000\050\000\051}{subsection.5.10.2}% 203
\BOOKMARK [3][-]{subsubsection.5.10.2.2}{\376\377\0005\000.\0001\0000\000.\0002\000.\0002\000\040\000b\000r\000e\000a\000k\000p\000o\000i\000n\000t\000\050\000\051}{subsection.5.10.2}% 204
\BOOKMARK [3][-]{subsubsection.5.10.2.3}{\376\377\0005\000.\0001\0000\000.\0002\000.\0003\000\040\000c\000o\000p\000r\000o\000c\000e\000s\000s\000o\000r\000\050\000\051}{subsection.5.10.2}% 205
\BOOKMARK [3][-]{subsubsection.5.10.2.4}{\376\377\0005\000.\0001\0000\000.\0002\000.\0004\000\040\000c\000o\000p\000r\000o\000c\000e\000s\000s\000o\000r\000\137\000s\000e\000g\000m\000e\000n\000t\000\050\000\051}{subsection.5.10.2}% 206
\BOOKMARK [3][-]{subsubsection.5.10.2.5}{\376\377\0005\000.\0001\0000\000.\0002\000.\0005\000\040\000d\000e\000b\000u\000g\000\050\000\051}{subsection.5.10.2}% 207
\BOOKMARK [3][-]{subsubsection.5.10.2.6}{\376\377\0005\000.\0001\0000\000.\0002\000.\0006\000\040\000d\000e\000v\000i\000c\000e\000\137\000n\000o\000t\000\137\000a\000v\000a\000i\000l\000a\000b\000l\000e\000\050\000\051}{subsection.5.10.2}% 208
\BOOKMARK [3][-]{subsubsection.5.10.2.7}{\376\377\0005\000.\0001\0000\000.\0002\000.\0007\000\040\000d\000i\000v\000i\000d\000e\000\137\000e\000r\000r\000o\000r\000\050\000\051}{subsection.5.10.2}% 209
\BOOKMARK [3][-]{subsubsection.5.10.2.8}{\376\377\0005\000.\0001\0000\000.\0002\000.\0008\000\040\000d\000o\000\137\000b\000o\000u\000n\000d\000s\000\050\000\051}{subsection.5.10.2}% 210
\BOOKMARK [3][-]{subsubsection.5.10.2.9}{\376\377\0005\000.\0001\0000\000.\0002\000.\0009\000\040\000d\000o\000\137\000b\000r\000e\000a\000k\000p\000o\000i\000n\000t\000\050\000\051}{subsection.5.10.2}% 211
\BOOKMARK [3][-]{subsubsection.5.10.2.10}{\376\377\0005\000.\0001\0000\000.\0002\000.\0001\0000\000\040\000d\000o\000\137\000c\000o\000p\000r\000o\000c\000e\000s\000s\000o\000r\000\050\000\051}{subsection.5.10.2}% 212
\BOOKMARK [3][-]{subsubsection.5.10.2.11}{\376\377\0005\000.\0001\0000\000.\0002\000.\0001\0001\000\040\000d\000o\000\137\000c\000o\000p\000r\000o\000c\000e\000s\000s\000o\000r\000\137\000s\000e\000g\000m\000e\000n\000t\000\050\000\051}{subsection.5.10.2}% 213
\BOOKMARK [3][-]{subsubsection.5.10.2.12}{\376\377\0005\000.\0001\0000\000.\0002\000.\0001\0002\000\040\000d\000o\000\137\000d\000e\000b\000u\000g\000\050\000\051}{subsection.5.10.2}% 214
\BOOKMARK [3][-]{subsubsection.5.10.2.13}{\376\377\0005\000.\0001\0000\000.\0002\000.\0001\0003\000\040\000d\000o\000\137\000d\000e\000v\000i\000c\000e\000\137\000n\000o\000t\000\137\000a\000v\000a\000i\000l\000a\000b\000l\000e\000\050\000\051}{subsection.5.10.2}% 215
\BOOKMARK [3][-]{subsubsection.5.10.2.14}{\376\377\0005\000.\0001\0000\000.\0002\000.\0001\0004\000\040\000d\000o\000\137\000d\000i\000v\000i\000d\000e\000\137\000e\000r\000r\000o\000r\000\050\000\051}{subsection.5.10.2}% 216
\BOOKMARK [3][-]{subsubsection.5.10.2.15}{\376\377\0005\000.\0001\0000\000.\0002\000.\0001\0005\000\040\000d\000o\000\137\000d\000o\000u\000b\000l\000e\000\137\000f\000a\000u\000l\000t\000\050\000\051}{subsection.5.10.2}% 217
\BOOKMARK [3][-]{subsubsection.5.10.2.16}{\376\377\0005\000.\0001\0000\000.\0002\000.\0001\0006\000\040\000d\000o\000\137\000g\000e\000n\000e\000r\000a\000l\000\137\000p\000r\000o\000t\000e\000c\000t\000i\000o\000n\000\050\000\051}{subsection.5.10.2}% 218
\BOOKMARK [3][-]{subsubsection.5.10.2.17}{\376\377\0005\000.\0001\0000\000.\0002\000.\0001\0007\000\040\000d\000o\000\137\000i\000n\000v\000a\000l\000i\000d\000\137\000o\000p\000\050\000\051}{subsection.5.10.2}% 219
\BOOKMARK [3][-]{subsubsection.5.10.2.18}{\376\377\0005\000.\0001\0000\000.\0002\000.\0001\0008\000\040\000d\000o\000\137\000i\000n\000v\000a\000l\000i\000d\000\137\000t\000s\000s\000\050\000\051}{subsection.5.10.2}% 220
\BOOKMARK [3][-]{subsubsection.5.10.2.19}{\376\377\0005\000.\0001\0000\000.\0002\000.\0001\0009\000\040\000d\000o\000\137\000i\000s\000r\000\050\000\051}{subsection.5.10.2}% 221
\BOOKMARK [3][-]{subsubsection.5.10.2.20}{\376\377\0005\000.\0001\0000\000.\0002\000.\0002\0000\000\040\000d\000o\000\137\000n\000m\000i\000\050\000\051}{subsection.5.10.2}% 222
\BOOKMARK [3][-]{subsubsection.5.10.2.21}{\376\377\0005\000.\0001\0000\000.\0002\000.\0002\0001\000\040\000d\000o\000\137\000o\000v\000e\000r\000f\000l\000o\000w\000\050\000\051}{subsection.5.10.2}% 223
\BOOKMARK [3][-]{subsubsection.5.10.2.22}{\376\377\0005\000.\0001\0000\000.\0002\000.\0002\0002\000\040\000d\000o\000\137\000p\000a\000g\000e\000\137\000f\000a\000u\000l\000t\000\050\000\051}{subsection.5.10.2}% 224
\BOOKMARK [3][-]{subsubsection.5.10.2.23}{\376\377\0005\000.\0001\0000\000.\0002\000.\0002\0003\000\040\000d\000o\000\137\000r\000e\000s\000e\000r\000v\000e\000d\000\050\000\051}{subsection.5.10.2}% 225
\BOOKMARK [3][-]{subsubsection.5.10.2.24}{\376\377\0005\000.\0001\0000\000.\0002\000.\0002\0004\000\040\000d\000o\000\137\000s\000e\000g\000m\000e\000n\000t\000\137\000n\000o\000t\000\137\000p\000r\000e\000s\000e\000n\000t\000\050\000\051}{subsection.5.10.2}% 226
\BOOKMARK [3][-]{subsubsection.5.10.2.25}{\376\377\0005\000.\0001\0000\000.\0002\000.\0002\0005\000\040\000d\000o\000\137\000s\000t\000a\000c\000k\000\137\000s\000e\000g\000m\000e\000n\000t\000\050\000\051}{subsection.5.10.2}% 227
\BOOKMARK [3][-]{subsubsection.5.10.2.26}{\376\377\0005\000.\0001\0000\000.\0002\000.\0002\0006\000\040\000d\000o\000u\000b\000l\000e\000\137\000f\000a\000u\000l\000t\000\050\000\051}{subsection.5.10.2}% 228
\BOOKMARK [3][-]{subsubsection.5.10.2.27}{\376\377\0005\000.\0001\0000\000.\0002\000.\0002\0007\000\040\000g\000e\000n\000e\000r\000a\000l\000\137\000p\000r\000o\000t\000e\000c\000t\000i\000o\000n\000\050\000\051}{subsection.5.10.2}% 229
\BOOKMARK [3][-]{subsubsection.5.10.2.28}{\376\377\0005\000.\0001\0000\000.\0002\000.\0002\0008\000\040\000i\000n\000i\000t\000\137\000i\000r\000q\000\050\000\051}{subsection.5.10.2}% 230
\BOOKMARK [3][-]{subsubsection.5.10.2.29}{\376\377\0005\000.\0001\0000\000.\0002\000.\0002\0009\000\040\000i\000n\000i\000t\000\137\000p\000i\000c\000\050\000\051}{subsection.5.10.2}% 231
\BOOKMARK [3][-]{subsubsection.5.10.2.30}{\376\377\0005\000.\0001\0000\000.\0002\000.\0003\0000\000\040\000i\000n\000v\000a\000l\000i\000d\000\137\000o\000p\000\050\000\051}{subsection.5.10.2}% 232
\BOOKMARK [3][-]{subsubsection.5.10.2.31}{\376\377\0005\000.\0001\0000\000.\0002\000.\0003\0001\000\040\000i\000n\000v\000a\000l\000i\000d\000\137\000t\000s\000s\000\050\000\051}{subsection.5.10.2}% 233
\BOOKMARK [3][-]{subsubsection.5.10.2.32}{\376\377\0005\000.\0001\0000\000.\0002\000.\0003\0002\000\040\000i\000s\000r\0000\000\050\000\051}{subsection.5.10.2}% 234
\BOOKMARK [3][-]{subsubsection.5.10.2.33}{\376\377\0005\000.\0001\0000\000.\0002\000.\0003\0003\000\040\000n\000m\000i\000\050\000\051}{subsection.5.10.2}% 235
\BOOKMARK [3][-]{subsubsection.5.10.2.34}{\376\377\0005\000.\0001\0000\000.\0002\000.\0003\0004\000\040\000o\000v\000e\000r\000f\000l\000o\000w\000\050\000\051}{subsection.5.10.2}% 236
\BOOKMARK [3][-]{subsubsection.5.10.2.35}{\376\377\0005\000.\0001\0000\000.\0002\000.\0003\0005\000\040\000p\000a\000g\000e\000\137\000f\000a\000u\000l\000t\000\050\000\051}{subsection.5.10.2}% 237
\BOOKMARK [3][-]{subsubsection.5.10.2.36}{\376\377\0005\000.\0001\0000\000.\0002\000.\0003\0006\000\040\000r\000e\000s\000e\000r\000v\000e\000d\000\050\000\051}{subsection.5.10.2}% 238
\BOOKMARK [3][-]{subsubsection.5.10.2.37}{\376\377\0005\000.\0001\0000\000.\0002\000.\0003\0007\000\040\000r\000t\000c\000\137\000i\000s\000r\000\050\000\051}{subsection.5.10.2}% 239
\BOOKMARK [3][-]{subsubsection.5.10.2.38}{\376\377\0005\000.\0001\0000\000.\0002\000.\0003\0008\000\040\000s\000e\000g\000m\000e\000n\000t\000\137\000n\000o\000t\000\137\000p\000r\000e\000s\000e\000n\000t\000\050\000\051}{subsection.5.10.2}% 240
\BOOKMARK [3][-]{subsubsection.5.10.2.39}{\376\377\0005\000.\0001\0000\000.\0002\000.\0003\0009\000\040\000s\000t\000a\000c\000k\000\137\000s\000e\000g\000m\000e\000n\000t\000\050\000\051}{subsection.5.10.2}% 241
\BOOKMARK [2][-]{subsection.5.10.3}{\376\377\0005\000.\0001\0000\000.\0003\000\040\000V\000a\000r\000i\000a\000b\000l\000e\000\040\000D\000o\000c\000u\000m\000e\000n\000t\000a\000t\000i\000o\000n}{section.5.10}% 242
\BOOKMARK [3][-]{subsubsection.5.10.3.1}{\376\377\0005\000.\0001\0000\000.\0003\000.\0001\000\040\000i\000d\000t\000\137\000e\000n\000t\000r\000i\000e\000s}{subsection.5.10.3}% 243
\BOOKMARK [1][-]{section.5.11}{\376\377\0005\000.\0001\0001\000\040\000k\000e\000r\000n\000e\000l\000/\000c\000o\000r\000e\000/\000k\000m\000a\000i\000n\000.\000c\000\040\000F\000i\000l\000e\000\040\000R\000e\000f\000e\000r\000e\000n\000c\000e}{chapter.5}% 244
\BOOKMARK [2][-]{subsection.5.11.1}{\376\377\0005\000.\0001\0001\000.\0001\000\040\000F\000u\000n\000c\000t\000i\000o\000n\000\040\000D\000o\000c\000u\000m\000e\000n\000t\000a\000t\000i\000o\000n}{section.5.11}% 245
\BOOKMARK [3][-]{subsubsection.5.11.1.1}{\376\377\0005\000.\0001\0001\000.\0001\000.\0001\000\040\000k\000m\000a\000i\000n\000\050\000\051}{subsection.5.11.1}% 246
\BOOKMARK [1][-]{section.5.12}{\376\377\0005\000.\0001\0002\000\040\000k\000e\000r\000n\000e\000l\000/\000c\000o\000r\000e\000/\000s\000e\000r\000i\000a\000l\000.\000c\000\040\000F\000i\000l\000e\000\040\000R\000e\000f\000e\000r\000e\000n\000c\000e}{chapter.5}% 247
\BOOKMARK [2][-]{subsection.5.12.1}{\376\377\0005\000.\0001\0002\000.\0001\000\040\000M\000a\000c\000r\000o\000\040\000D\000e\000f\000i\000n\000i\000t\000i\000o\000n\000\040\000D\000o\000c\000u\000m\000e\000n\000t\000a\000t\000i\000o\000n}{section.5.12}% 248
\BOOKMARK [3][-]{subsubsection.5.12.1.1}{\376\377\0005\000.\0001\0002\000.\0001\000.\0001\000\040\000N\000O\000\137\000E\000R\000R\000O\000R}{subsection.5.12.1}% 249
\BOOKMARK [2][-]{subsection.5.12.2}{\376\377\0005\000.\0001\0002\000.\0002\000\040\000F\000u\000n\000c\000t\000i\000o\000n\000\040\000D\000o\000c\000u\000m\000e\000n\000t\000a\000t\000i\000o\000n}{section.5.12}% 250
\BOOKMARK [3][-]{subsubsection.5.12.2.1}{\376\377\0005\000.\0001\0002\000.\0002\000.\0001\000\040\000i\000n\000i\000t\000\137\000s\000e\000r\000i\000a\000l\000\050\000\051}{subsection.5.12.2}% 251
\BOOKMARK [3][-]{subsubsection.5.12.2.2}{\376\377\0005\000.\0001\0002\000.\0002\000.\0002\000\040\000p\000o\000l\000l\000i\000n\000g\000\050\000\051}{subsection.5.12.2}% 252
\BOOKMARK [3][-]{subsubsection.5.12.2.3}{\376\377\0005\000.\0001\0002\000.\0002\000.\0003\000\040\000s\000e\000r\000i\000a\000l\000\137\000p\000r\000i\000n\000t\000\050\000\051}{subsection.5.12.2}% 253
\BOOKMARK [3][-]{subsubsection.5.12.2.4}{\376\377\0005\000.\0001\0002\000.\0002\000.\0004\000\040\000s\000e\000r\000i\000a\000l\000\137\000p\000r\000i\000n\000t\000l\000n\000\050\000\051}{subsection.5.12.2}% 254
\BOOKMARK [3][-]{subsubsection.5.12.2.5}{\376\377\0005\000.\0001\0002\000.\0002\000.\0005\000\040\000s\000e\000t\000\137\000s\000e\000r\000i\000a\000l\000\137\000i\000n\000\050\000\051}{subsection.5.12.2}% 255
\BOOKMARK [3][-]{subsubsection.5.12.2.6}{\376\377\0005\000.\0001\0002\000.\0002\000.\0006\000\040\000s\000e\000t\000\137\000s\000e\000r\000i\000a\000l\000\137\000o\000u\000t\000\050\000\051}{subsection.5.12.2}% 256
\BOOKMARK [2][-]{subsection.5.12.3}{\376\377\0005\000.\0001\0002\000.\0003\000\040\000V\000a\000r\000i\000a\000b\000l\000e\000\040\000D\000o\000c\000u\000m\000e\000n\000t\000a\000t\000i\000o\000n}{section.5.12}% 257
\BOOKMARK [3][-]{subsubsection.5.12.3.1}{\376\377\0005\000.\0001\0002\000.\0003\000.\0001\000\040\000s\000e\000r\000i\000a\000l\000\137\000p\000o\000r\000t\000\137\000i\000n}{subsection.5.12.3}% 258
\BOOKMARK [3][-]{subsubsection.5.12.3.2}{\376\377\0005\000.\0001\0002\000.\0003\000.\0002\000\040\000s\000e\000r\000i\000a\000l\000\137\000p\000o\000r\000t\000\137\000o\000u\000t}{subsection.5.12.3}% 259
\BOOKMARK [1][-]{section.5.13}{\376\377\0005\000.\0001\0003\000\040\000k\000e\000r\000n\000e\000l\000/\000c\000o\000r\000e\000/\000s\000y\000s\000t\000e\000m\000.\000c\000\040\000F\000i\000l\000e\000\040\000R\000e\000f\000e\000r\000e\000n\000c\000e}{chapter.5}% 260
\BOOKMARK [2][-]{subsection.5.13.1}{\376\377\0005\000.\0001\0003\000.\0001\000\040\000F\000u\000n\000c\000t\000i\000o\000n\000\040\000D\000o\000c\000u\000m\000e\000n\000t\000a\000t\000i\000o\000n}{section.5.13}% 261
\BOOKMARK [3][-]{subsubsection.5.13.1.1}{\376\377\0005\000.\0001\0003\000.\0001\000.\0001\000\040\000k\000l\000o\000g\000v\000\050\000\051}{subsection.5.13.1}% 262
\BOOKMARK [3][-]{subsubsection.5.13.1.2}{\376\377\0005\000.\0001\0003\000.\0001\000.\0002\000\040\000k\000p\000a\000n\000i\000c\000\050\000\051}{subsection.5.13.1}% 263
\BOOKMARK [1][-]{section.5.14}{\376\377\0005\000.\0001\0004\000\040\000k\000e\000r\000n\000e\000l\000/\000c\000o\000r\000e\000/\000t\000a\000b\000l\000e\000s\000.\000c\000\040\000F\000i\000l\000e\000\040\000R\000e\000f\000e\000r\000e\000n\000c\000e}{chapter.5}% 264
\BOOKMARK [2][-]{subsection.5.14.1}{\376\377\0005\000.\0001\0004\000.\0001\000\040\000F\000u\000n\000c\000t\000i\000o\000n\000\040\000D\000o\000c\000u\000m\000e\000n\000t\000a\000t\000i\000o\000n}{section.5.14}% 265
\BOOKMARK [3][-]{subsubsection.5.14.1.1}{\376\377\0005\000.\0001\0004\000.\0001\000.\0001\000\040\000g\000d\000t\000\137\000i\000n\000i\000t\000\137\000e\000n\000t\000r\000y\000\050\000\051}{subsection.5.14.1}% 266
\BOOKMARK [3][-]{subsubsection.5.14.1.2}{\376\377\0005\000.\0001\0004\000.\0001\000.\0002\000\040\000i\000d\000t\000\137\000s\000e\000t\000\137\000g\000a\000t\000e\000\050\000\051}{subsection.5.14.1}% 267
\BOOKMARK [3][-]{subsubsection.5.14.1.3}{\376\377\0005\000.\0001\0004\000.\0001\000.\0003\000\040\000i\000n\000i\000t\000\137\000g\000d\000t\000\050\000\051}{subsection.5.14.1}% 268
\BOOKMARK [3][-]{subsubsection.5.14.1.4}{\376\377\0005\000.\0001\0004\000.\0001\000.\0004\000\040\000i\000n\000i\000t\000\137\000i\000d\000t\000\050\000\051}{subsection.5.14.1}% 269
\BOOKMARK [3][-]{subsubsection.5.14.1.5}{\376\377\0005\000.\0001\0004\000.\0001\000.\0005\000\040\000w\000r\000i\000t\000e\000\137\000g\000d\000t\000\137\000p\000t\000r\000\050\000\051}{subsection.5.14.1}% 270
\BOOKMARK [3][-]{subsubsection.5.14.1.6}{\376\377\0005\000.\0001\0004\000.\0001\000.\0006\000\040\000w\000r\000i\000t\000e\000\137\000i\000d\000t\000\137\000p\000t\000r\000\050\000\051}{subsection.5.14.1}% 271
\BOOKMARK [2][-]{subsection.5.14.2}{\376\377\0005\000.\0001\0004\000.\0002\000\040\000V\000a\000r\000i\000a\000b\000l\000e\000\040\000D\000o\000c\000u\000m\000e\000n\000t\000a\000t\000i\000o\000n}{section.5.14}% 272
\BOOKMARK [3][-]{subsubsection.5.14.2.1}{\376\377\0005\000.\0001\0004\000.\0002\000.\0001\000\040\000g\000d\000t\000\137\000e\000n\000t\000r\000i\000e\000s}{subsection.5.14.2}% 273
\BOOKMARK [3][-]{subsubsection.5.14.2.2}{\376\377\0005\000.\0001\0004\000.\0002\000.\0002\000\040\000g\000d\000t\000\137\000p\000t\000r}{subsection.5.14.2}% 274
\BOOKMARK [3][-]{subsubsection.5.14.2.3}{\376\377\0005\000.\0001\0004\000.\0002\000.\0003\000\040\000i\000d\000t\000\137\000e\000n\000t\000r\000i\000e\000s}{subsection.5.14.2}% 275
\BOOKMARK [3][-]{subsubsection.5.14.2.4}{\376\377\0005\000.\0001\0004\000.\0002\000.\0004\000\040\000i\000d\000t\000\137\000p\000t\000r}{subsection.5.14.2}% 276
\BOOKMARK [1][-]{section.5.15}{\376\377\0005\000.\0001\0005\000\040\000k\000e\000r\000n\000e\000l\000/\000m\000e\000m\000/\000h\000e\000a\000p\000.\000c\000\040\000F\000i\000l\000e\000\040\000R\000e\000f\000e\000r\000e\000n\000c\000e}{chapter.5}% 277
\BOOKMARK [2][-]{subsection.5.15.1}{\376\377\0005\000.\0001\0005\000.\0001\000\040\000F\000u\000n\000c\000t\000i\000o\000n\000\040\000D\000o\000c\000u\000m\000e\000n\000t\000a\000t\000i\000o\000n}{section.5.15}% 278
\BOOKMARK [3][-]{subsubsection.5.15.1.1}{\376\377\0005\000.\0001\0005\000.\0001\000.\0001\000\040\000\137\000k\000m\000a\000l\000l\000o\000c\000\050\000\051}{subsection.5.15.1}% 279
\BOOKMARK [3][-]{subsubsection.5.15.1.2}{\376\377\0005\000.\0001\0005\000.\0001\000.\0002\000\040\000a\000l\000l\000o\000c\000\050\000\051}{subsection.5.15.1}% 280
\BOOKMARK [3][-]{subsubsection.5.15.1.3}{\376\377\0005\000.\0001\0005\000.\0001\000.\0003\000\040\000k\000m\000a\000l\000l\000o\000c\000\050\000\051}{subsection.5.15.1}% 281
\BOOKMARK [3][-]{subsubsection.5.15.1.4}{\376\377\0005\000.\0001\0005\000.\0001\000.\0004\000\040\000m\000a\000k\000e\000\137\000h\000e\000a\000p\000\050\000\051}{subsection.5.15.1}% 282
\BOOKMARK [2][-]{subsection.5.15.2}{\376\377\0005\000.\0001\0005\000.\0002\000\040\000V\000a\000r\000i\000a\000b\000l\000e\000\040\000D\000o\000c\000u\000m\000e\000n\000t\000a\000t\000i\000o\000n}{section.5.15}% 283
\BOOKMARK [3][-]{subsubsection.5.15.2.1}{\376\377\0005\000.\0001\0005\000.\0002\000.\0001\000\040\000\137\000\137\000e\000n\000d}{subsection.5.15.2}% 284
\BOOKMARK [3][-]{subsubsection.5.15.2.2}{\376\377\0005\000.\0001\0005\000.\0002\000.\0002\000\040\000\137\000e\000n\000d}{subsection.5.15.2}% 285
\BOOKMARK [3][-]{subsubsection.5.15.2.3}{\376\377\0005\000.\0001\0005\000.\0002\000.\0003\000\040\000c\000u\000r\000r\000\137\000h\000e\000a\000p}{subsection.5.15.2}% 286
\BOOKMARK [3][-]{subsubsection.5.15.2.4}{\376\377\0005\000.\0001\0005\000.\0002\000.\0004\000\040\000e\000n\000d}{subsection.5.15.2}% 287
\BOOKMARK [3][-]{subsubsection.5.15.2.5}{\376\377\0005\000.\0001\0005\000.\0002\000.\0005\000\040\000k\000d\000i\000r}{subsection.5.15.2}% 288
\BOOKMARK [3][-]{subsubsection.5.15.2.6}{\376\377\0005\000.\0001\0005\000.\0002\000.\0006\000\040\000k\000h\000e\000a\000p}{subsection.5.15.2}% 289
\BOOKMARK [3][-]{subsubsection.5.15.2.7}{\376\377\0005\000.\0001\0005\000.\0002\000.\0007\000\040\000p\000h\000y\000s\000\137\000a\000l\000l\000o\000c\000\137\000a\000d\000d\000r}{subsection.5.15.2}% 290
\BOOKMARK [1][-]{section.5.16}{\376\377\0005\000.\0001\0006\000\040\000k\000e\000r\000n\000e\000l\000/\000m\000e\000m\000/\000p\000a\000g\000i\000n\000g\000.\000c\000\040\000F\000i\000l\000e\000\040\000R\000e\000f\000e\000r\000e\000n\000c\000e}{chapter.5}% 291
\BOOKMARK [2][-]{subsection.5.16.1}{\376\377\0005\000.\0001\0006\000.\0001\000\040\000F\000u\000n\000c\000t\000i\000o\000n\000\040\000D\000o\000c\000u\000m\000e\000n\000t\000a\000t\000i\000o\000n}{section.5.16}% 292
\BOOKMARK [3][-]{subsubsection.5.16.1.1}{\376\377\0005\000.\0001\0006\000.\0001\000.\0001\000\040\000c\000l\000e\000a\000r\000\137\000b\000i\000t\000\050\000\051}{subsection.5.16.1}% 293
\BOOKMARK [3][-]{subsubsection.5.16.1.2}{\376\377\0005\000.\0001\0006\000.\0001\000.\0002\000\040\000f\000i\000n\000d\000\137\000f\000r\000e\000e\000\050\000\051}{subsection.5.16.1}% 294
\BOOKMARK [3][-]{subsubsection.5.16.1.3}{\376\377\0005\000.\0001\0006\000.\0001\000.\0003\000\040\000g\000e\000t\000\137\000b\000i\000t\000\050\000\051}{subsection.5.16.1}% 295
\BOOKMARK [3][-]{subsubsection.5.16.1.4}{\376\377\0005\000.\0001\0006\000.\0001\000.\0004\000\040\000g\000e\000t\000\137\000p\000a\000g\000e\000\050\000\051}{subsection.5.16.1}% 296
\BOOKMARK [3][-]{subsubsection.5.16.1.5}{\376\377\0005\000.\0001\0006\000.\0001\000.\0005\000\040\000i\000n\000i\000t\000\137\000p\000a\000g\000i\000n\000g\000\050\000\051}{subsection.5.16.1}% 297
\BOOKMARK [3][-]{subsubsection.5.16.1.6}{\376\377\0005\000.\0001\0006\000.\0001\000.\0006\000\040\000l\000o\000a\000d\000\137\000p\000a\000g\000e\000\137\000d\000i\000r\000\050\000\051}{subsection.5.16.1}% 298
\BOOKMARK [3][-]{subsubsection.5.16.1.7}{\376\377\0005\000.\0001\0006\000.\0001\000.\0007\000\040\000n\000e\000w\000\137\000f\000r\000a\000m\000e\000\050\000\051}{subsection.5.16.1}% 299
\BOOKMARK [3][-]{subsubsection.5.16.1.8}{\376\377\0005\000.\0001\0006\000.\0001\000.\0008\000\040\000s\000e\000t\000\137\000b\000i\000t\000\050\000\051}{subsection.5.16.1}% 300
\BOOKMARK [2][-]{subsection.5.16.2}{\376\377\0005\000.\0001\0006\000.\0002\000\040\000V\000a\000r\000i\000a\000b\000l\000e\000\040\000D\000o\000c\000u\000m\000e\000n\000t\000a\000t\000i\000o\000n}{section.5.16}% 301
\BOOKMARK [3][-]{subsubsection.5.16.2.1}{\376\377\0005\000.\0001\0006\000.\0002\000.\0001\000\040\000c\000d\000i\000r}{subsection.5.16.2}% 302
\BOOKMARK [3][-]{subsubsection.5.16.2.2}{\376\377\0005\000.\0001\0006\000.\0002\000.\0002\000\040\000f\000r\000a\000m\000e\000s}{subsection.5.16.2}% 303
\BOOKMARK [3][-]{subsubsection.5.16.2.3}{\376\377\0005\000.\0001\0006\000.\0002\000.\0003\000\040\000k\000d\000i\000r}{subsection.5.16.2}% 304
\BOOKMARK [3][-]{subsubsection.5.16.2.4}{\376\377\0005\000.\0001\0006\000.\0002\000.\0004\000\040\000k\000h\000e\000a\000p}{subsection.5.16.2}% 305
\BOOKMARK [3][-]{subsubsection.5.16.2.5}{\376\377\0005\000.\0001\0006\000.\0002\000.\0005\000\040\000m\000e\000m\000\137\000s\000i\000z\000e}{subsection.5.16.2}% 306
\BOOKMARK [3][-]{subsubsection.5.16.2.6}{\376\377\0005\000.\0001\0006\000.\0002\000.\0006\000\040\000n\000f\000r\000a\000m\000e\000s}{subsection.5.16.2}% 307
\BOOKMARK [3][-]{subsubsection.5.16.2.7}{\376\377\0005\000.\0001\0006\000.\0002\000.\0007\000\040\000p\000a\000g\000e\000\137\000s\000i\000z\000e}{subsection.5.16.2}% 308
\BOOKMARK [3][-]{subsubsection.5.16.2.8}{\376\377\0005\000.\0001\0006\000.\0002\000.\0008\000\040\000p\000h\000y\000s\000\137\000a\000l\000l\000o\000c\000\137\000a\000d\000d\000r}{subsection.5.16.2}% 309
\BOOKMARK [1][-]{section.5.17}{\376\377\0005\000.\0001\0007\000\040\000l\000i\000b\000/\000s\000t\000r\000i\000n\000g\000.\000c\000\040\000F\000i\000l\000e\000\040\000R\000e\000f\000e\000r\000e\000n\000c\000e}{chapter.5}% 310
\BOOKMARK [2][-]{subsection.5.17.1}{\376\377\0005\000.\0001\0007\000.\0001\000\040\000F\000u\000n\000c\000t\000i\000o\000n\000\040\000D\000o\000c\000u\000m\000e\000n\000t\000a\000t\000i\000o\000n}{section.5.17}% 311
\BOOKMARK [3][-]{subsubsection.5.17.1.1}{\376\377\0005\000.\0001\0007\000.\0001\000.\0001\000\040\000a\000t\000o\000i\000\050\000\051}{subsection.5.17.1}% 312
\BOOKMARK [3][-]{subsubsection.5.17.1.2}{\376\377\0005\000.\0001\0007\000.\0001\000.\0002\000\040\000i\000s\000s\000p\000a\000c\000e\000\050\000\051}{subsection.5.17.1}% 313
\BOOKMARK [3][-]{subsubsection.5.17.1.3}{\376\377\0005\000.\0001\0007\000.\0001\000.\0003\000\040\000m\000e\000m\000s\000e\000t\000\050\000\051}{subsection.5.17.1}% 314
\BOOKMARK [3][-]{subsubsection.5.17.1.4}{\376\377\0005\000.\0001\0007\000.\0001\000.\0004\000\040\000s\000t\000r\000c\000a\000t\000\050\000\051}{subsection.5.17.1}% 315
\BOOKMARK [3][-]{subsubsection.5.17.1.5}{\376\377\0005\000.\0001\0007\000.\0001\000.\0005\000\040\000s\000t\000r\000c\000m\000p\000\050\000\051}{subsection.5.17.1}% 316
\BOOKMARK [3][-]{subsubsection.5.17.1.6}{\376\377\0005\000.\0001\0007\000.\0001\000.\0006\000\040\000s\000t\000r\000c\000p\000y\000\050\000\051}{subsection.5.17.1}% 317
\BOOKMARK [3][-]{subsubsection.5.17.1.7}{\376\377\0005\000.\0001\0007\000.\0001\000.\0007\000\040\000s\000t\000r\000l\000e\000n\000\050\000\051}{subsection.5.17.1}% 318
\BOOKMARK [3][-]{subsubsection.5.17.1.8}{\376\377\0005\000.\0001\0007\000.\0001\000.\0008\000\040\000s\000t\000r\000t\000o\000k\000\050\000\051}{subsection.5.17.1}% 319
\BOOKMARK [1][-]{section.5.18}{\376\377\0005\000.\0001\0008\000\040\000m\000o\000d\000u\000l\000e\000s\000/\000m\000p\000x\000\137\000s\000u\000p\000t\000.\000c\000\040\000F\000i\000l\000e\000\040\000R\000e\000f\000e\000r\000e\000n\000c\000e}{chapter.5}% 320
\BOOKMARK [2][-]{subsection.5.18.1}{\376\377\0005\000.\0001\0008\000.\0001\000\040\000F\000u\000n\000c\000t\000i\000o\000n\000\040\000D\000o\000c\000u\000m\000e\000n\000t\000a\000t\000i\000o\000n}{section.5.18}% 321
\BOOKMARK [3][-]{subsubsection.5.18.1.1}{\376\377\0005\000.\0001\0008\000.\0001\000.\0001\000\040\000i\000d\000l\000e\000\050\000\051}{subsection.5.18.1}% 322
\BOOKMARK [3][-]{subsubsection.5.18.1.2}{\376\377\0005\000.\0001\0008\000.\0001\000.\0002\000\040\000m\000p\000x\000\137\000i\000n\000i\000t\000\050\000\051}{subsection.5.18.1}% 323
\BOOKMARK [3][-]{subsubsection.5.18.1.3}{\376\377\0005\000.\0001\0008\000.\0001\000.\0003\000\040\000s\000y\000s\000\137\000a\000l\000l\000o\000c\000\137\000m\000e\000m\000\050\000\051}{subsection.5.18.1}% 324
\BOOKMARK [3][-]{subsubsection.5.18.1.4}{\376\377\0005\000.\0001\0008\000.\0001\000.\0004\000\040\000s\000y\000s\000\137\000f\000r\000e\000e\000\137\000m\000e\000m\000\050\000\051}{subsection.5.18.1}% 325
\BOOKMARK [3][-]{subsubsection.5.18.1.5}{\376\377\0005\000.\0001\0008\000.\0001\000.\0005\000\040\000s\000y\000s\000\137\000r\000e\000q\000\050\000\051}{subsection.5.18.1}% 326
\BOOKMARK [3][-]{subsubsection.5.18.1.6}{\376\377\0005\000.\0001\0008\000.\0001\000.\0006\000\040\000s\000y\000s\000\137\000s\000e\000t\000\137\000f\000r\000e\000e\000\050\000\051}{subsection.5.18.1}% 327
\BOOKMARK [3][-]{subsubsection.5.18.1.7}{\376\377\0005\000.\0001\0008\000.\0001\000.\0007\000\040\000s\000y\000s\000\137\000s\000e\000t\000\137\000m\000a\000l\000l\000o\000c\000\050\000\051}{subsection.5.18.1}% 328
\BOOKMARK [2][-]{subsection.5.18.2}{\376\377\0005\000.\0001\0008\000.\0002\000\040\000V\000a\000r\000i\000a\000b\000l\000e\000\040\000D\000o\000c\000u\000m\000e\000n\000t\000a\000t\000i\000o\000n}{section.5.18}% 329
\BOOKMARK [3][-]{subsubsection.5.18.2.1}{\376\377\0005\000.\0001\0008\000.\0002\000.\0001\000\040\000c\000u\000r\000r\000e\000n\000t\000\137\000m\000o\000d\000u\000l\000e}{subsection.5.18.2}% 330
\BOOKMARK [3][-]{subsubsection.5.18.2.2}{\376\377\0005\000.\0001\0008\000.\0002\000.\0002\000\040\000p\000a\000r\000a\000m\000s}{subsection.5.18.2}% 331
\BOOKMARK [3][-]{subsubsection.5.18.2.3}{\376\377\0005\000.\0001\0008\000.\0002\000.\0003\000\040\000s\000t\000u\000d\000e\000n\000t\000\137\000f\000r\000e\000e}{subsection.5.18.2}% 332
\BOOKMARK [3][-]{subsubsection.5.18.2.4}{\376\377\0005\000.\0001\0008\000.\0002\000.\0004\000\040\000s\000t\000u\000d\000e\000n\000t\000\137\000m\000a\000l\000l\000o\000c}{subsection.5.18.2}% 333
\BOOKMARK [1][-]{section.5.19}{\376\377\0005\000.\0001\0009\000\040\000m\000o\000d\000u\000l\000e\000s\000/\000m\000p\000x\000\137\000s\000u\000p\000t\000.\000h\000\040\000F\000i\000l\000e\000\040\000R\000e\000f\000e\000r\000e\000n\000c\000e}{chapter.5}% 334
\BOOKMARK [2][-]{subsection.5.19.1}{\376\377\0005\000.\0001\0009\000.\0001\000\040\000M\000a\000c\000r\000o\000\040\000D\000e\000f\000i\000n\000i\000t\000i\000o\000n\000\040\000D\000o\000c\000u\000m\000e\000n\000t\000a\000t\000i\000o\000n}{section.5.19}% 335
\BOOKMARK [3][-]{subsubsection.5.19.1.1}{\376\377\0005\000.\0001\0009\000.\0001\000.\0001\000\040\000C\000O\000M\000\137\000P\000O\000R\000T}{subsection.5.19.1}% 336
\BOOKMARK [3][-]{subsubsection.5.19.1.2}{\376\377\0005\000.\0001\0009\000.\0001\000.\0002\000\040\000D\000E\000F\000A\000U\000L\000T\000\137\000D\000E\000V\000I\000C\000E}{subsection.5.19.1}% 337
\BOOKMARK [3][-]{subsubsection.5.19.1.3}{\376\377\0005\000.\0001\0009\000.\0001\000.\0003\000\040\000E\000X\000I\000T}{subsection.5.19.1}% 338
\BOOKMARK [3][-]{subsubsection.5.19.1.4}{\376\377\0005\000.\0001\0009\000.\0001\000.\0004\000\040\000F\000A\000L\000S\000E}{subsection.5.19.1}% 339
\BOOKMARK [3][-]{subsubsection.5.19.1.5}{\376\377\0005\000.\0001\0009\000.\0001\000.\0005\000\040\000I\000D\000L\000E}{subsection.5.19.1}% 340
\BOOKMARK [3][-]{subsubsection.5.19.1.6}{\376\377\0005\000.\0001\0009\000.\0001\000.\0006\000\040\000I\000N\000V\000A\000L\000I\000D\000\137\000B\000U\000F\000F\000E\000R}{subsection.5.19.1}% 341
\BOOKMARK [3][-]{subsubsection.5.19.1.7}{\376\377\0005\000.\0001\0009\000.\0001\000.\0007\000\040\000I\000N\000V\000A\000L\000I\000D\000\137\000C\000O\000U\000N\000T}{subsection.5.19.1}% 342
\BOOKMARK [3][-]{subsubsection.5.19.1.8}{\376\377\0005\000.\0001\0009\000.\0001\000.\0008\000\040\000I\000N\000V\000A\000L\000I\000D\000\137\000O\000P\000E\000R\000A\000T\000I\000O\000N}{subsection.5.19.1}% 343
\BOOKMARK [3][-]{subsubsection.5.19.1.9}{\376\377\0005\000.\0001\0009\000.\0001\000.\0009\000\040\000I\000O\000\137\000M\000O\000D\000U\000L\000E}{subsection.5.19.1}% 344
\BOOKMARK [3][-]{subsubsection.5.19.1.10}{\376\377\0005\000.\0001\0009\000.\0001\000.\0001\0000\000\040\000M\000E\000M\000\137\000M\000O\000D\000U\000L\000E}{subsection.5.19.1}% 345
\BOOKMARK [3][-]{subsubsection.5.19.1.11}{\376\377\0005\000.\0001\0009\000.\0001\000.\0001\0001\000\040\000M\000O\000D\000U\000L\000E\000\137\000F}{subsection.5.19.1}% 346
\BOOKMARK [3][-]{subsubsection.5.19.1.12}{\376\377\0005\000.\0001\0009\000.\0001\000.\0001\0002\000\040\000M\000O\000D\000U\000L\000E\000\137\000R\0001}{subsection.5.19.1}% 347
\BOOKMARK [3][-]{subsubsection.5.19.1.13}{\376\377\0005\000.\0001\0009\000.\0001\000.\0001\0003\000\040\000M\000O\000D\000U\000L\000E\000\137\000R\0002}{subsection.5.19.1}% 348
\BOOKMARK [3][-]{subsubsection.5.19.1.14}{\376\377\0005\000.\0001\0009\000.\0001\000.\0001\0004\000\040\000M\000O\000D\000U\000L\000E\000\137\000R\0003}{subsection.5.19.1}% 349
\BOOKMARK [3][-]{subsubsection.5.19.1.15}{\376\377\0005\000.\0001\0009\000.\0001\000.\0001\0005\000\040\000M\000O\000D\000U\000L\000E\000\137\000R\0004}{subsection.5.19.1}% 350
\BOOKMARK [3][-]{subsubsection.5.19.1.16}{\376\377\0005\000.\0001\0009\000.\0001\000.\0001\0006\000\040\000M\000O\000D\000U\000L\000E\000\137\000R\0005}{subsection.5.19.1}% 351
\BOOKMARK [3][-]{subsubsection.5.19.1.17}{\376\377\0005\000.\0001\0009\000.\0001\000.\0001\0007\000\040\000R\000E\000A\000D}{subsection.5.19.1}% 352
\BOOKMARK [3][-]{subsubsection.5.19.1.18}{\376\377\0005\000.\0001\0009\000.\0001\000.\0001\0008\000\040\000T\000R\000U\000E}{subsection.5.19.1}% 353
\BOOKMARK [3][-]{subsubsection.5.19.1.19}{\376\377\0005\000.\0001\0009\000.\0001\000.\0001\0009\000\040\000W\000R\000I\000T\000E}{subsection.5.19.1}% 354
\BOOKMARK [2][-]{subsection.5.19.2}{\376\377\0005\000.\0001\0009\000.\0002\000\040\000F\000u\000n\000c\000t\000i\000o\000n\000\040\000D\000o\000c\000u\000m\000e\000n\000t\000a\000t\000i\000o\000n}{section.5.19}% 355
\BOOKMARK [3][-]{subsubsection.5.19.2.1}{\376\377\0005\000.\0001\0009\000.\0002\000.\0001\000\040\000i\000d\000l\000e\000\050\000\051}{subsection.5.19.2}% 356
\BOOKMARK [3][-]{subsubsection.5.19.2.2}{\376\377\0005\000.\0001\0009\000.\0002\000.\0002\000\040\000m\000p\000x\000\137\000i\000n\000i\000t\000\050\000\051}{subsection.5.19.2}% 357
\BOOKMARK [3][-]{subsubsection.5.19.2.3}{\376\377\0005\000.\0001\0009\000.\0002\000.\0003\000\040\000s\000y\000s\000\137\000a\000l\000l\000o\000c\000\137\000m\000e\000m\000\050\000\051}{subsection.5.19.2}% 358
\BOOKMARK [3][-]{subsubsection.5.19.2.4}{\376\377\0005\000.\0001\0009\000.\0002\000.\0004\000\040\000s\000y\000s\000\137\000f\000r\000e\000e\000\137\000m\000e\000m\000\050\000\051}{subsection.5.19.2}% 359
\BOOKMARK [3][-]{subsubsection.5.19.2.5}{\376\377\0005\000.\0001\0009\000.\0002\000.\0005\000\040\000s\000y\000s\000\137\000r\000e\000q\000\050\000\051}{subsection.5.19.2}% 360
\BOOKMARK [3][-]{subsubsection.5.19.2.6}{\376\377\0005\000.\0001\0009\000.\0002\000.\0006\000\040\000s\000y\000s\000\137\000s\000e\000t\000\137\000f\000r\000e\000e\000\050\000\051}{subsection.5.19.2}% 361
\BOOKMARK [3][-]{subsubsection.5.19.2.7}{\376\377\0005\000.\0001\0009\000.\0002\000.\0007\000\040\000s\000y\000s\000\137\000s\000e\000t\000\137\000m\000a\000l\000l\000o\000c\000\050\000\051}{subsection.5.19.2}% 362
\BOOKMARK [1][-]{section.5.20}{\376\377\0005\000.\0002\0000\000\040\000m\000o\000d\000u\000l\000e\000s\000/\000R\0001\000/\000c\000o\000m\000m\000h\000a\000n\000d\000.\000c\000\040\000F\000i\000l\000e\000\040\000R\000e\000f\000e\000r\000e\000n\000c\000e}{chapter.5}% 363
\BOOKMARK [2][-]{subsection.5.20.1}{\376\377\0005\000.\0002\0000\000.\0001\000\040\000F\000u\000n\000c\000t\000i\000o\000n\000\040\000D\000o\000c\000u\000m\000e\000n\000t\000a\000t\000i\000o\000n}{section.5.20}% 364
\BOOKMARK [3][-]{subsubsection.5.20.1.1}{\376\377\0005\000.\0002\0000\000.\0001\000.\0001\000\040\000c\000o\000m\000m\000h\000a\000n\000d\000\050\000\051}{subsection.5.20.1}% 365
\BOOKMARK [1][-]{section.5.21}{\376\377\0005\000.\0002\0001\000\040\000m\000o\000d\000u\000l\000e\000s\000/\000R\0001\000/\000c\000o\000m\000m\000h\000a\000n\000d\000.\000h\000\040\000F\000i\000l\000e\000\040\000R\000e\000f\000e\000r\000e\000n\000c\000e}{chapter.5}% 366
\BOOKMARK [2][-]{subsection.5.21.1}{\376\377\0005\000.\0002\0001\000.\0001\000\040\000F\000u\000n\000c\000t\000i\000o\000n\000\040\000D\000o\000c\000u\000m\000e\000n\000t\000a\000t\000i\000o\000n}{section.5.21}% 367
\BOOKMARK [3][-]{subsubsection.5.21.1.1}{\376\377\0005\000.\0002\0001\000.\0001\000.\0001\000\040\000c\000o\000m\000m\000h\000a\000n\000d\000\050\000\051}{subsection.5.21.1}% 368
\BOOKMARK [1][-]{section.5.22}{\376\377\0005\000.\0002\0002\000\040\000m\000o\000d\000u\000l\000e\000s\000/\000R\0001\000/\000R\0001\000c\000o\000m\000m\000a\000n\000d\000s\000.\000c\000\040\000F\000i\000l\000e\000\040\000R\000e\000f\000e\000r\000e\000n\000c\000e}{chapter.5}% 369
\BOOKMARK [2][-]{subsection.5.22.1}{\376\377\0005\000.\0002\0002\000.\0001\000\040\000F\000u\000n\000c\000t\000i\000o\000n\000\040\000D\000o\000c\000u\000m\000e\000n\000t\000a\000t\000i\000o\000n}{section.5.22}% 370
\BOOKMARK [3][-]{subsubsection.5.22.1.1}{\376\377\0005\000.\0002\0002\000.\0001\000.\0001\000\040\000B\000C\000D\000t\000o\000C\000h\000a\000r\000\050\000\051}{subsection.5.22.1}% 371
\BOOKMARK [3][-]{subsubsection.5.22.1.2}{\376\377\0005\000.\0002\0002\000.\0001\000.\0002\000\040\000c\000h\000a\000n\000g\000e\000\137\000i\000n\000t\000\137\000t\000o\000\137\000b\000i\000n\000a\000r\000y\000\050\000\051}{subsection.5.22.1}% 372
\BOOKMARK [3][-]{subsubsection.5.22.1.3}{\376\377\0005\000.\0002\0002\000.\0001\000.\0003\000\040\000g\000e\000t\000D\000a\000t\000e\000\050\000\051}{subsection.5.22.1}% 373
\BOOKMARK [3][-]{subsubsection.5.22.1.4}{\376\377\0005\000.\0002\0002\000.\0001\000.\0004\000\040\000g\000e\000t\000T\000i\000m\000e\000\050\000\051}{subsection.5.22.1}% 374
\BOOKMARK [3][-]{subsubsection.5.22.1.5}{\376\377\0005\000.\0002\0002\000.\0001\000.\0005\000\040\000h\000e\000l\000p\000\050\000\051}{subsection.5.22.1}% 375
\BOOKMARK [3][-]{subsubsection.5.22.1.6}{\376\377\0005\000.\0002\0002\000.\0001\000.\0006\000\040\000i\000n\000t\000T\000o\000B\000C\000D\000\050\000\051}{subsection.5.22.1}% 376
\BOOKMARK [3][-]{subsubsection.5.22.1.7}{\376\377\0005\000.\0002\0002\000.\0001\000.\0007\000\040\000s\000e\000t\000D\000a\000t\000e\000\050\000\051}{subsection.5.22.1}% 377
\BOOKMARK [3][-]{subsubsection.5.22.1.8}{\376\377\0005\000.\0002\0002\000.\0001\000.\0008\000\040\000s\000e\000t\000T\000i\000m\000e\000\050\000\051}{subsection.5.22.1}% 378
\BOOKMARK [3][-]{subsubsection.5.22.1.9}{\376\377\0005\000.\0002\0002\000.\0001\000.\0009\000\040\000v\000e\000r\000s\000i\000o\000n\000\050\000\051}{subsection.5.22.1}% 379
\BOOKMARK [1][-]{section.5.23}{\376\377\0005\000.\0002\0003\000\040\000m\000o\000d\000u\000l\000e\000s\000/\000R\0001\000/\000R\0001\000c\000o\000m\000m\000a\000n\000d\000s\000.\000h\000\040\000F\000i\000l\000e\000\040\000R\000e\000f\000e\000r\000e\000n\000c\000e}{chapter.5}% 380
\BOOKMARK [2][-]{subsection.5.23.1}{\376\377\0005\000.\0002\0003\000.\0001\000\040\000F\000u\000n\000c\000t\000i\000o\000n\000\040\000D\000o\000c\000u\000m\000e\000n\000t\000a\000t\000i\000o\000n}{section.5.23}% 381
\BOOKMARK [3][-]{subsubsection.5.23.1.1}{\376\377\0005\000.\0002\0003\000.\0001\000.\0001\000\040\000B\000C\000D\000t\000o\000C\000h\000a\000r\000\050\000\051}{subsection.5.23.1}% 382
\BOOKMARK [3][-]{subsubsection.5.23.1.2}{\376\377\0005\000.\0002\0003\000.\0001\000.\0002\000\040\000c\000h\000a\000n\000g\000e\000\137\000i\000n\000t\000\137\000t\000o\000\137\000b\000i\000n\000a\000r\000y\000\050\000\051}{subsection.5.23.1}% 383
\BOOKMARK [3][-]{subsubsection.5.23.1.3}{\376\377\0005\000.\0002\0003\000.\0001\000.\0003\000\040\000g\000e\000t\000D\000a\000t\000e\000\050\000\051}{subsection.5.23.1}% 384
\BOOKMARK [3][-]{subsubsection.5.23.1.4}{\376\377\0005\000.\0002\0003\000.\0001\000.\0004\000\040\000g\000e\000t\000T\000i\000m\000e\000\050\000\051}{subsection.5.23.1}% 385
\BOOKMARK [3][-]{subsubsection.5.23.1.5}{\376\377\0005\000.\0002\0003\000.\0001\000.\0005\000\040\000h\000e\000l\000p\000\050\000\051}{subsection.5.23.1}% 386
\BOOKMARK [3][-]{subsubsection.5.23.1.6}{\376\377\0005\000.\0002\0003\000.\0001\000.\0006\000\040\000s\000e\000t\000D\000a\000t\000e\000\050\000\051}{subsection.5.23.1}% 387
\BOOKMARK [3][-]{subsubsection.5.23.1.7}{\376\377\0005\000.\0002\0003\000.\0001\000.\0007\000\040\000s\000e\000t\000T\000i\000m\000e\000\050\000\051}{subsection.5.23.1}% 388
\BOOKMARK [3][-]{subsubsection.5.23.1.8}{\376\377\0005\000.\0002\0003\000.\0001\000.\0008\000\040\000v\000e\000r\000s\000i\000o\000n\000\050\000\051}{subsection.5.23.1}% 389
\BOOKMARK [1][-]{section.5.24}{\376\377\0005\000.\0002\0004\000\040\000R\000E\000A\000D\000M\000E\000.\000m\000d\000\040\000F\000i\000l\000e\000\040\000R\000e\000f\000e\000r\000e\000n\000c\000e}{chapter.5}% 390
\BOOKMARK [0][-]{section*.57}{\376\377\000I\000n\000d\000e\000x}{}% 391
